#
# There is insufficient memory for the Java Runtime Environment to continue.
# Native memory allocation (malloc) failed to allocate 2002368 bytes. Error detail: Chunk::new
# Possible reasons:
#   The system is out of physical RAM or swap space
#   This process is running with CompressedOops enabled, and the Java Heap may be blocking the growth of the native heap
# Possible solutions:
#   Reduce memory load on the system
#   Increase physical memory or swap space
#   Check if swap backing store is full
#   Decrease Java heap size (-Xmx/-Xms)
#   Decrease number of Java threads
#   Decrease Java thread stack sizes (-Xss)
#   Set larger code cache with -XX:ReservedCodeCacheSize=
#   JVM is running with Unscaled Compressed Oops mode in which the Java heap is
#     placed in the first 4GB address space. The Java Heap base address is the
#     maximum limit for the native heap growth. Please use -XX:HeapBaseMinAddress
#     to set the Java Heap base and to place the Java Heap above 4GB virtual address.
# This output file may be truncated or incomplete.
#
#  Out of Memory Error (arena.cpp:168), pid=31080, tid=32596
#
# JRE version: OpenJDK Runtime Environment (21.0.6) (build 21.0.6+-13368085-b895.109)
# Java VM: OpenJDK 64-Bit Server VM (21.0.6+-13368085-b895.109, mixed mode, tiered, compressed oops, compressed class ptrs, g1 gc, windows-amd64)
# No core dump will be written. Minidumps are not enabled by default on client versions of Windows
#

---------------  S U M M A R Y ------------

Command Line: --add-opens=java.base/java.lang=ALL-UNNAMED --add-opens=java.base/java.lang.invoke=ALL-UNNAMED --add-opens=java.base/java.util=ALL-UNNAMED --add-opens=java.prefs/java.util.prefs=ALL-UNNAMED --add-exports=jdk.compiler/com.sun.tools.javac.api=ALL-UNNAMED --add-exports=jdk.compiler/com.sun.tools.javac.util=ALL-UNNAMED --add-opens=java.base/java.util=ALL-UNNAMED --add-opens=java.prefs/java.util.prefs=ALL-UNNAMED --add-opens=java.base/java.nio.charset=ALL-UNNAMED --add-opens=java.base/java.net=ALL-UNNAMED --add-opens=java.base/java.util.concurrent.atomic=ALL-UNNAMED --add-opens=java.xml/javax.xml.namespace=ALL-UNNAMED -Xmx2048m -Dfile.encoding=UTF-8 -Duser.country=US -Duser.language=en -Duser.variant -javaagent:C:\Users\QUINTER\.gradle\wrapper\dists\gradle-8.11.1-bin\bpt9gzteqjrbo1mjrsomdt32c\gradle-8.11.1\lib\agents\gradle-instrumentation-agent-8.11.1.jar org.gradle.launcher.daemon.bootstrap.GradleDaemon 8.11.1

Host: AMD Ryzen 5 5625U with Radeon Graphics         , 12 cores, 7G,  Windows 11 , 64 bit Build 26100 (10.0.26100.4484)
Time: Sun Jul  6 23:30:13 2025 E. Africa Standard Time elapsed time: 7.570524 seconds (0d 0h 0m 7s)

---------------  T H R E A D  ---------------

Current thread (0x00000245930b5cf0):  JavaThread "C2 CompilerThread0" daemon [_thread_in_native, id=32596, stack(0x00000057c6000000,0x00000057c6100000) (1024K)]


Current CompileTask:
C2:7570 2853   !   4       java.net.URLClassLoader::findClass (47 bytes)

Stack: [0x00000057c6000000,0x00000057c6100000]
Native frames: (J=compiled Java code, j=interpreted, Vv=VM code, C=native code)
V  [jvm.dll+0x6d0639]
V  [jvm.dll+0x85eb03]
V  [jvm.dll+0x86105e]
V  [jvm.dll+0x861743]
V  [jvm.dll+0x27e6e6]
V  [jvm.dll+0xbff6d]
V  [jvm.dll+0xc04a3]
V  [jvm.dll+0x3b61ab]
V  [jvm.dll+0x3820c7]
V  [jvm.dll+0x38153a]
V  [jvm.dll+0x247c82]
V  [jvm.dll+0x247251]
V  [jvm.dll+0x1c5f04]
V  [jvm.dll+0x2569ac]
V  [jvm.dll+0x254ef6]
V  [jvm.dll+0x3f0e96]
V  [jvm.dll+0x806ed8]
V  [jvm.dll+0x6cef0d]
C  [ucrtbase.dll+0x37b0]
C  [KERNEL32.DLL+0x2e8d7]
C  [ntdll.dll+0x3c34c]


---------------  P R O C E S S  ---------------

Threads class SMR info:
_java_thread_list=0x000002459544d3d0, length=24, elements={
0x00000245f28400f0, 0x00000245930a5760, 0x00000245930a61b0, 0x00000245930926d0,
0x0000024593093120, 0x0000024593093b70, 0x00000245930946f0, 0x00000245930b5cf0,
0x00000245930b6390, 0x0000024593174480, 0x000002459339f8d0, 0x0000024594fa7690,
0x00000245950688a0, 0x000002459515f910, 0x00000245951b5070, 0x00000245951c4870,
0x00000245951db270, 0x00000245951e3200, 0x000002459520c3c0, 0x0000024595201690,
0x00000245952023b0, 0x0000024595200970, 0x0000024595201d20, 0x00000245951fef30
}

Java Threads: ( => current thread )
  0x00000245f28400f0 JavaThread "main"                              [_thread_blocked, id=18036, stack(0x00000057c5200000,0x00000057c5300000) (1024K)]
  0x00000245930a5760 JavaThread "Reference Handler"          daemon [_thread_blocked, id=17332, stack(0x00000057c5a00000,0x00000057c5b00000) (1024K)]
  0x00000245930a61b0 JavaThread "Finalizer"                  daemon [_thread_blocked, id=29096, stack(0x00000057c5b00000,0x00000057c5c00000) (1024K)]
  0x00000245930926d0 JavaThread "Signal Dispatcher"          daemon [_thread_blocked, id=18788, stack(0x00000057c5c00000,0x00000057c5d00000) (1024K)]
  0x0000024593093120 JavaThread "Attach Listener"            daemon [_thread_blocked, id=20464, stack(0x00000057c5d00000,0x00000057c5e00000) (1024K)]
  0x0000024593093b70 JavaThread "Service Thread"             daemon [_thread_blocked, id=29604, stack(0x00000057c5e00000,0x00000057c5f00000) (1024K)]
  0x00000245930946f0 JavaThread "Monitor Deflation Thread"   daemon [_thread_blocked, id=21252, stack(0x00000057c5f00000,0x00000057c6000000) (1024K)]
=>0x00000245930b5cf0 JavaThread "C2 CompilerThread0"         daemon [_thread_in_native, id=32596, stack(0x00000057c6000000,0x00000057c6100000) (1024K)]
  0x00000245930b6390 JavaThread "C1 CompilerThread0"         daemon [_thread_blocked, id=20400, stack(0x00000057c6100000,0x00000057c6200000) (1024K)]
  0x0000024593174480 JavaThread "Common-Cleaner"             daemon [_thread_blocked, id=18484, stack(0x00000057c6200000,0x00000057c6300000) (1024K)]
  0x000002459339f8d0 JavaThread "Notification Thread"        daemon [_thread_blocked, id=31576, stack(0x00000057c6300000,0x00000057c6400000) (1024K)]
  0x0000024594fa7690 JavaThread "Daemon health stats"               [_thread_blocked, id=17160, stack(0x00000057c6900000,0x00000057c6a00000) (1024K)]
  0x00000245950688a0 JavaThread "Incoming local TCP Connector on port 49915"        [_thread_in_native, id=23300, stack(0x00000057c6a00000,0x00000057c6b00000) (1024K)]
  0x000002459515f910 JavaThread "Daemon periodic checks"            [_thread_blocked, id=30780, stack(0x00000057c6b00000,0x00000057c6c00000) (1024K)]
  0x00000245951b5070 JavaThread "Daemon"                            [_thread_blocked, id=32684, stack(0x00000057c6c00000,0x00000057c6d00000) (1024K)]
  0x00000245951c4870 JavaThread "Handler for socket connection from /127.0.0.1:49915 to /127.0.0.1:49916"        [_thread_in_native, id=15788, stack(0x00000057c6d00000,0x00000057c6e00000) (1024K)]
  0x00000245951db270 JavaThread "Cancel handler"                    [_thread_blocked, id=19036, stack(0x00000057c6e00000,0x00000057c6f00000) (1024K)]
  0x00000245951e3200 JavaThread "Daemon worker"                     [_thread_in_vm, id=29016, stack(0x00000057c6f00000,0x00000057c7000000) (1024K)]
  0x000002459520c3c0 JavaThread "Asynchronous log dispatcher for DefaultDaemonConnection: socket connection from /127.0.0.1:49915 to /127.0.0.1:49916"        [_thread_blocked, id=30824, stack(0x00000057c7000000,0x00000057c7100000) (1024K)]
  0x0000024595201690 JavaThread "Stdin handler"                     [_thread_blocked, id=27380, stack(0x00000057c7100000,0x00000057c7200000) (1024K)]
  0x00000245952023b0 JavaThread "Daemon client event forwarder"        [_thread_blocked, id=6632, stack(0x00000057c7200000,0x00000057c7300000) (1024K)]
  0x0000024595200970 JavaThread "Cache worker for journal cache (C:\Users\QUINTER\.gradle\caches\journal-1)"        [_thread_blocked, id=8472, stack(0x00000057c7900000,0x00000057c7a00000) (1024K)]
  0x0000024595201d20 JavaThread "File lock request listener"        [_thread_in_native, id=26484, stack(0x00000057c7a00000,0x00000057c7b00000) (1024K)]
  0x00000245951fef30 JavaThread "Cache worker for file hash cache (C:\Users\QUINTER\.gradle\caches\8.11.1\fileHashes)"        [_thread_blocked, id=20764, stack(0x00000057c7b00000,0x00000057c7c00000) (1024K)]
Total: 24

Other Threads:
  0x000002459302c500 VMThread "VM Thread"                           [id=9848, stack(0x00000057c5900000,0x00000057c5a00000) (1024K)]
  0x00000245fb328ff0 WatcherThread "VM Periodic Task Thread"        [id=32188, stack(0x00000057c5800000,0x00000057c5900000) (1024K)]
  0x00000245f050dfb0 WorkerThread "GC Thread#0"                     [id=26756, stack(0x00000057c5300000,0x00000057c5400000) (1024K)]
  0x000002459362e880 WorkerThread "GC Thread#1"                     [id=22536, stack(0x00000057c6400000,0x00000057c6500000) (1024K)]
  0x00000245938d5f80 WorkerThread "GC Thread#2"                     [id=17372, stack(0x00000057c6500000,0x00000057c6600000) (1024K)]
  0x00000245940162d0 WorkerThread "GC Thread#3"                     [id=16412, stack(0x00000057c6600000,0x00000057c6700000) (1024K)]
  0x0000024594016a80 WorkerThread "GC Thread#4"                     [id=17804, stack(0x00000057c6700000,0x00000057c6800000) (1024K)]
  0x00000245941ceba0 WorkerThread "GC Thread#5"                     [id=27040, stack(0x00000057c6800000,0x00000057c6900000) (1024K)]
  0x000002459534af80 WorkerThread "GC Thread#6"                     [id=3624, stack(0x00000057c7300000,0x00000057c7400000) (1024K)]
  0x000002459534b6c0 WorkerThread "GC Thread#7"                     [id=10740, stack(0x00000057c7400000,0x00000057c7500000) (1024K)]
  0x000002459534a840 WorkerThread "GC Thread#8"                     [id=21768, stack(0x00000057c7500000,0x00000057c7600000) (1024K)]
  0x000002459534a4a0 WorkerThread "GC Thread#9"                     [id=31724, stack(0x00000057c7600000,0x00000057c7700000) (1024K)]
  0x00000245f28a71b0 ConcurrentGCThread "G1 Main Marker"            [id=32236, stack(0x00000057c5400000,0x00000057c5500000) (1024K)]
  0x00000245f28a7bc0 WorkerThread "G1 Conc#0"                       [id=25068, stack(0x00000057c5500000,0x00000057c5600000) (1024K)]
  0x000002459534ba60 WorkerThread "G1 Conc#1"                       [id=25712, stack(0x00000057c7700000,0x00000057c7800000) (1024K)]
  0x000002459534be00 WorkerThread "G1 Conc#2"                       [id=30392, stack(0x00000057c7800000,0x00000057c7900000) (1024K)]
  0x00000245fb1fa680 ConcurrentGCThread "G1 Refine#0"               [id=28796, stack(0x00000057c5600000,0x00000057c5700000) (1024K)]
  0x00000245fb1faea0 ConcurrentGCThread "G1 Service"                [id=23560, stack(0x00000057c5700000,0x00000057c5800000) (1024K)]
Total: 18

Threads with active compile tasks:
C2 CompilerThread0  7597 2853   !   4       java.net.URLClassLoader::findClass (47 bytes)
Total: 1

VM state: not at safepoint (normal execution)

VM Mutex/Monitor currently owned by a thread: None

Heap address: 0x0000000080000000, size: 2048 MB, Compressed Oops mode: 32-bit

CDS archive(s) not mapped
Compressed class space mapped at: 0x0000000100000000-0x0000000140000000, reserved size: 1073741824
Narrow klass base: 0x0000000000000000, Narrow klass shift: 3, Narrow klass range: 0x140000000

GC Precious Log:
 CardTable entry size: 512
 Card Set container configuration: InlinePtr #cards 5 size 8 Array Of Cards #cards 12 size 40 Howl #buckets 4 coarsen threshold 1843 Howl Bitmap #cards 512 size 80 coarsen threshold 460 Card regions per heap region 1 cards per card region 2048
 CPUs: 12 total, 12 available
 Memory: 7531M
 Large Page Support: Disabled
 NUMA Support: Disabled
 Compressed Oops: Enabled (32-bit)
 Heap Region Size: 1M
 Heap Min Capacity: 8M
 Heap Initial Capacity: 118M
 Heap Max Capacity: 2G
 Pre-touch: Disabled
 Parallel Workers: 10
 Concurrent Workers: 3
 Concurrent Refinement Workers: 10
 Periodic GC: Disabled

Heap:
 garbage-first heap   total 71680K, used 57439K [0x0000000080000000, 0x0000000100000000)
  region size 1024K, 46 young (47104K), 9 survivors (9216K)
 Metaspace       used 27583K, committed 28096K, reserved 1114112K
  class space    used 3435K, committed 3648K, reserved 1048576K

Heap Regions: E=young(eden), S=young(survivor), O=old, HS=humongous(starts), HC=humongous(continues), CS=collection set, F=free, TAMS=top-at-mark-start, PB=parsable bottom
|   0|0x0000000080000000, 0x0000000080100000, 0x0000000080100000|100%| O|  |TAMS 0x0000000080000000| PB 0x0000000080000000| Untracked 
|   1|0x0000000080100000, 0x0000000080200000, 0x0000000080200000|100%|HS|  |TAMS 0x0000000080100000| PB 0x0000000080100000| Complete 
|   2|0x0000000080200000, 0x0000000080300000, 0x0000000080300000|100%|HC|  |TAMS 0x0000000080200000| PB 0x0000000080200000| Complete 
|   3|0x0000000080300000, 0x0000000080400000, 0x0000000080400000|100%|HC|  |TAMS 0x0000000080300000| PB 0x0000000080300000| Complete 
|   4|0x0000000080400000, 0x0000000080500000, 0x0000000080500000|100%| O|  |TAMS 0x0000000080400000| PB 0x0000000080400000| Untracked 
|   5|0x0000000080500000, 0x0000000080600000, 0x0000000080600000|100%| O|  |TAMS 0x0000000080500000| PB 0x0000000080500000| Untracked 
|   6|0x0000000080600000, 0x0000000080700000, 0x0000000080700000|100%| O|  |TAMS 0x0000000080600000| PB 0x0000000080600000| Untracked 
|   7|0x0000000080700000, 0x0000000080800000, 0x0000000080800000|100%|HS|  |TAMS 0x0000000080700000| PB 0x0000000080700000| Complete 
|   8|0x0000000080800000, 0x0000000080800000, 0x0000000080900000|  0%| F|  |TAMS 0x0000000080800000| PB 0x0000000080800000| Untracked 
|   9|0x0000000080900000, 0x0000000080a00000, 0x0000000080a00000|100%| O|  |TAMS 0x0000000080900000| PB 0x0000000080900000| Untracked 
|  10|0x0000000080a00000, 0x0000000080b00000, 0x0000000080b00000|100%| O|  |TAMS 0x0000000080a00000| PB 0x0000000080a00000| Untracked 
|  11|0x0000000080b00000, 0x0000000080c00000, 0x0000000080c00000|100%| O|  |TAMS 0x0000000080b00000| PB 0x0000000080b00000| Untracked 
|  12|0x0000000080c00000, 0x0000000080cc3f28, 0x0000000080d00000| 76%| O|Cm|TAMS 0x0000000080c00000| PB 0x0000000080c00000| Complete 
|  13|0x0000000080d00000, 0x0000000080d00000, 0x0000000080e00000|  0%| F|  |TAMS 0x0000000080d00000| PB 0x0000000080d00000| Untracked 
|  14|0x0000000080e00000, 0x0000000080e00000, 0x0000000080f00000|  0%| F|  |TAMS 0x0000000080e00000| PB 0x0000000080e00000| Untracked 
|  15|0x0000000080f00000, 0x0000000080f00000, 0x0000000081000000|  0%| F|  |TAMS 0x0000000080f00000| PB 0x0000000080f00000| Untracked 
|  16|0x0000000081000000, 0x0000000081000000, 0x0000000081100000|  0%| F|  |TAMS 0x0000000081000000| PB 0x0000000081000000| Untracked 
|  17|0x0000000081100000, 0x0000000081100000, 0x0000000081200000|  0%| F|  |TAMS 0x0000000081100000| PB 0x0000000081100000| Untracked 
|  18|0x0000000081200000, 0x0000000081200000, 0x0000000081300000|  0%| F|  |TAMS 0x0000000081200000| PB 0x0000000081200000| Untracked 
|  19|0x0000000081300000, 0x0000000081300000, 0x0000000081400000|  0%| F|  |TAMS 0x0000000081300000| PB 0x0000000081300000| Untracked 
|  20|0x0000000081400000, 0x0000000081400000, 0x0000000081500000|  0%| F|  |TAMS 0x0000000081400000| PB 0x0000000081400000| Untracked 
|  21|0x0000000081500000, 0x0000000081500000, 0x0000000081600000|  0%| F|  |TAMS 0x0000000081500000| PB 0x0000000081500000| Untracked 
|  22|0x0000000081600000, 0x0000000081600000, 0x0000000081700000|  0%| F|  |TAMS 0x0000000081600000| PB 0x0000000081600000| Untracked 
|  23|0x0000000081700000, 0x0000000081700000, 0x0000000081800000|  0%| F|  |TAMS 0x0000000081700000| PB 0x0000000081700000| Untracked 
|  24|0x0000000081800000, 0x0000000081900000, 0x0000000081900000|100%| E|  |TAMS 0x0000000081800000| PB 0x0000000081800000| Complete 
|  25|0x0000000081900000, 0x0000000081a00000, 0x0000000081a00000|100%| E|CS|TAMS 0x0000000081900000| PB 0x0000000081900000| Complete 
|  26|0x0000000081a00000, 0x0000000081b00000, 0x0000000081b00000|100%| E|CS|TAMS 0x0000000081a00000| PB 0x0000000081a00000| Complete 
|  27|0x0000000081b00000, 0x0000000081c00000, 0x0000000081c00000|100%| E|CS|TAMS 0x0000000081b00000| PB 0x0000000081b00000| Complete 
|  28|0x0000000081c00000, 0x0000000081d00000, 0x0000000081d00000|100%| E|CS|TAMS 0x0000000081c00000| PB 0x0000000081c00000| Complete 
|  29|0x0000000081d00000, 0x0000000081e00000, 0x0000000081e00000|100%| E|CS|TAMS 0x0000000081d00000| PB 0x0000000081d00000| Complete 
|  30|0x0000000081e00000, 0x0000000081f00000, 0x0000000081f00000|100%| E|CS|TAMS 0x0000000081e00000| PB 0x0000000081e00000| Complete 
|  31|0x0000000081f00000, 0x0000000082000000, 0x0000000082000000|100%| E|CS|TAMS 0x0000000081f00000| PB 0x0000000081f00000| Complete 
|  32|0x0000000082000000, 0x0000000082100000, 0x0000000082100000|100%| E|CS|TAMS 0x0000000082000000| PB 0x0000000082000000| Complete 
|  33|0x0000000082100000, 0x0000000082200000, 0x0000000082200000|100%| E|CS|TAMS 0x0000000082100000| PB 0x0000000082100000| Complete 
|  34|0x0000000082200000, 0x0000000082300000, 0x0000000082300000|100%| E|CS|TAMS 0x0000000082200000| PB 0x0000000082200000| Complete 
|  35|0x0000000082300000, 0x0000000082400000, 0x0000000082400000|100%| E|CS|TAMS 0x0000000082300000| PB 0x0000000082300000| Complete 
|  36|0x0000000082400000, 0x0000000082500000, 0x0000000082500000|100%| E|CS|TAMS 0x0000000082400000| PB 0x0000000082400000| Complete 
|  37|0x0000000082500000, 0x0000000082600000, 0x0000000082600000|100%| E|CS|TAMS 0x0000000082500000| PB 0x0000000082500000| Complete 
|  38|0x0000000082600000, 0x0000000082700000, 0x0000000082700000|100%| E|CS|TAMS 0x0000000082600000| PB 0x0000000082600000| Complete 
|  39|0x0000000082700000, 0x0000000082800000, 0x0000000082800000|100%| E|CS|TAMS 0x0000000082700000| PB 0x0000000082700000| Complete 
|  40|0x0000000082800000, 0x0000000082900000, 0x0000000082900000|100%| E|CS|TAMS 0x0000000082800000| PB 0x0000000082800000| Complete 
|  41|0x0000000082900000, 0x0000000082a00000, 0x0000000082a00000|100%| E|CS|TAMS 0x0000000082900000| PB 0x0000000082900000| Complete 
|  42|0x0000000082a00000, 0x0000000082b00000, 0x0000000082b00000|100%| E|CS|TAMS 0x0000000082a00000| PB 0x0000000082a00000| Complete 
|  43|0x0000000082b00000, 0x0000000082c00000, 0x0000000082c00000|100%| E|CS|TAMS 0x0000000082b00000| PB 0x0000000082b00000| Complete 
|  44|0x0000000082c00000, 0x0000000082d00000, 0x0000000082d00000|100%| E|CS|TAMS 0x0000000082c00000| PB 0x0000000082c00000| Complete 
|  45|0x0000000082d00000, 0x0000000082e00000, 0x0000000082e00000|100%| E|CS|TAMS 0x0000000082d00000| PB 0x0000000082d00000| Complete 
|  46|0x0000000082e00000, 0x0000000082f00000, 0x0000000082f00000|100%| E|CS|TAMS 0x0000000082e00000| PB 0x0000000082e00000| Complete 
|  47|0x0000000082f00000, 0x0000000083000000, 0x0000000083000000|100%| E|CS|TAMS 0x0000000082f00000| PB 0x0000000082f00000| Complete 
|  48|0x0000000083000000, 0x0000000083100000, 0x0000000083100000|100%| E|CS|TAMS 0x0000000083000000| PB 0x0000000083000000| Complete 
|  49|0x0000000083100000, 0x0000000083200000, 0x0000000083200000|100%| E|CS|TAMS 0x0000000083100000| PB 0x0000000083100000| Complete 
|  50|0x0000000083200000, 0x0000000083300000, 0x0000000083300000|100%| E|CS|TAMS 0x0000000083200000| PB 0x0000000083200000| Complete 
|  51|0x0000000083300000, 0x0000000083400000, 0x0000000083400000|100%| E|CS|TAMS 0x0000000083300000| PB 0x0000000083300000| Complete 
|  52|0x0000000083400000, 0x0000000083500000, 0x0000000083500000|100%| E|CS|TAMS 0x0000000083400000| PB 0x0000000083400000| Complete 
|  53|0x0000000083500000, 0x0000000083600000, 0x0000000083600000|100%| E|CS|TAMS 0x0000000083500000| PB 0x0000000083500000| Complete 
|  54|0x0000000083600000, 0x0000000083700000, 0x0000000083700000|100%| E|CS|TAMS 0x0000000083600000| PB 0x0000000083600000| Complete 
|  55|0x0000000083700000, 0x0000000083800000, 0x0000000083800000|100%| E|CS|TAMS 0x0000000083700000| PB 0x0000000083700000| Complete 
|  56|0x0000000083800000, 0x0000000083900000, 0x0000000083900000|100%| E|CS|TAMS 0x0000000083800000| PB 0x0000000083800000| Complete 
|  57|0x0000000083900000, 0x0000000083a00000, 0x0000000083a00000|100%| E|CS|TAMS 0x0000000083900000| PB 0x0000000083900000| Complete 
|  58|0x0000000083a00000, 0x0000000083b00000, 0x0000000083b00000|100%| E|CS|TAMS 0x0000000083a00000| PB 0x0000000083a00000| Complete 
|  59|0x0000000083b00000, 0x0000000083c00000, 0x0000000083c00000|100%| E|CS|TAMS 0x0000000083b00000| PB 0x0000000083b00000| Complete 
|  81|0x0000000085100000, 0x00000000851540b0, 0x0000000085200000| 32%| S|CS|TAMS 0x0000000085100000| PB 0x0000000085100000| Complete 
|  82|0x0000000085200000, 0x0000000085300000, 0x0000000085300000|100%| S|CS|TAMS 0x0000000085200000| PB 0x0000000085200000| Complete 
|  83|0x0000000085300000, 0x0000000085400000, 0x0000000085400000|100%| S|CS|TAMS 0x0000000085300000| PB 0x0000000085300000| Complete 
|  84|0x0000000085400000, 0x0000000085500000, 0x0000000085500000|100%| S|CS|TAMS 0x0000000085400000| PB 0x0000000085400000| Complete 
|  85|0x0000000085500000, 0x0000000085600000, 0x0000000085600000|100%| S|CS|TAMS 0x0000000085500000| PB 0x0000000085500000| Complete 
|  86|0x0000000085600000, 0x0000000085700000, 0x0000000085700000|100%| S|CS|TAMS 0x0000000085600000| PB 0x0000000085600000| Complete 
|  87|0x0000000085700000, 0x0000000085800000, 0x0000000085800000|100%| S|CS|TAMS 0x0000000085700000| PB 0x0000000085700000| Complete 
|  88|0x0000000085800000, 0x0000000085900000, 0x0000000085900000|100%| S|CS|TAMS 0x0000000085800000| PB 0x0000000085800000| Complete 
|  89|0x0000000085900000, 0x0000000085a00000, 0x0000000085a00000|100%| S|CS|TAMS 0x0000000085900000| PB 0x0000000085900000| Complete 
| 117|0x0000000087500000, 0x0000000087600000, 0x0000000087600000|100%| E|CS|TAMS 0x0000000087500000| PB 0x0000000087500000| Complete 

Card table byte_map: [0x00000245f62e0000,0x00000245f66e0000] _byte_map_base: 0x00000245f5ee0000

Marking Bits: (CMBitMap*) 0x00000245f050e5c0
 Bits: [0x00000245f66e0000, 0x00000245f86e0000)

Polling page: 0x00000245f0660000

Metaspace:

Usage:
  Non-class:     23.59 MB used.
      Class:      3.36 MB used.
       Both:     26.95 MB used.

Virtual space:
  Non-class space:       64.00 MB reserved,      23.88 MB ( 37%) committed,  1 nodes.
      Class space:        1.00 GB reserved,       3.56 MB ( <1%) committed,  1 nodes.
             Both:        1.06 GB reserved,      27.44 MB (  3%) committed. 

Chunk freelists:
   Non-Class:  8.17 MB
       Class:  12.39 MB
        Both:  20.56 MB

MaxMetaspaceSize: unlimited
CompressedClassSpaceSize: 1.00 GB
Initial GC threshold: 21.00 MB
Current GC threshold: 35.12 MB
CDS: off
 - commit_granule_bytes: 65536.
 - commit_granule_words: 8192.
 - virtual_space_node_default_size: 8388608.
 - enlarge_chunks_in_place: 1.
 - use_allocation_guard: 0.


Internal statistics:

num_allocs_failed_limit: 3.
num_arena_births: 696.
num_arena_deaths: 0.
num_vsnodes_births: 2.
num_vsnodes_deaths: 0.
num_space_committed: 439.
num_space_uncommitted: 0.
num_chunks_returned_to_freelist: 3.
num_chunks_taken_from_freelist: 1401.
num_chunk_merges: 3.
num_chunk_splits: 894.
num_chunks_enlarged: 598.
num_inconsistent_stats: 0.

CodeHeap 'non-profiled nmethods': size=120000Kb used=1377Kb max_used=1377Kb free=118622Kb
 bounds [0x0000024587ad0000, 0x0000024587d40000, 0x000002458f000000]
CodeHeap 'profiled nmethods': size=120000Kb used=5704Kb max_used=5704Kb free=114295Kb
 bounds [0x0000024580000000, 0x00000245805a0000, 0x0000024587530000]
CodeHeap 'non-nmethods': size=5760Kb used=1480Kb max_used=1512Kb free=4279Kb
 bounds [0x0000024587530000, 0x00000245877a0000, 0x0000024587ad0000]
 total_blobs=3454 nmethods=2881 adapters=477
 compilation: enabled
              stopped_count=0, restarted_count=0
 full_count=0

Compilation events (20 events):
Event: 6.493 Thread 0x00000245930b6390 2868       3       com.google.common.io.BaseEncoding$Alphabet::encode (7 bytes)
Event: 6.493 Thread 0x00000245930b6390 nmethod 2868 0x000002458057e890 code [0x000002458057ea40, 0x000002458057eb80]
Event: 6.508 Thread 0x00000245930b6390 2869       1       sun.reflect.generics.repository.AbstractRepository::getFactory (5 bytes)
Event: 6.508 Thread 0x00000245930b6390 nmethod 2869 0x0000024587c28490 code [0x0000024587c28620, 0x0000024587c286e8]
Event: 6.509 Thread 0x00000245930b6390 2870   !   3       sun.reflect.annotation.AnnotationParser::parseClassValue (56 bytes)
Event: 6.509 Thread 0x00000245930b6390 nmethod 2870 0x000002458057ec90 code [0x000002458057eec0, 0x000002458057f490]
Event: 6.510 Thread 0x00000245930b6390 2871       3       sun.reflect.annotation.AnnotationParser::parseMemberValue (230 bytes)
Event: 6.511 Thread 0x00000245930b6390 nmethod 2871 0x000002458057f790 code [0x000002458057fca0, 0x0000024580582088]
Event: 6.511 Thread 0x00000245930b6390 2872       3       org.gradle.internal.service.DefaultServiceRegistry::access$1500 (6 bytes)
Event: 6.511 Thread 0x00000245930b6390 nmethod 2872 0x0000024580582d10 code [0x0000024580582ec0, 0x0000024580582fd8]
Event: 6.511 Thread 0x00000245930b6390 2873       3       org.gradle.internal.service.DefaultServiceRegistry$SingletonService::getAll (38 bytes)
Event: 6.512 Thread 0x00000245930b6390 nmethod 2873 0x0000024580583090 code [0x0000024580583280, 0x0000024580583698]
Event: 6.530 Thread 0x00000245930b6390 2874   !   3       org.gradle.internal.classloader.TransformingClassLoader::findClass (203 bytes)
Event: 6.531 Thread 0x00000245930b6390 nmethod 2874 0x0000024580583810 code [0x0000024580583d20, 0x0000024580585fa8]
Event: 6.531 Thread 0x00000245930b6390 2875       3       org.gradle.initialization.MixInLegacyTypesClassLoader::shouldTransform (42 bytes)
Event: 6.531 Thread 0x00000245930b6390 nmethod 2875 0x0000024580586f90 code [0x0000024580587160, 0x0000024580587528]
Event: 6.548 Thread 0x00000245930b6390 2876       3       java.util.concurrent.locks.AbstractQueuedSynchronizer$Node::<init> (5 bytes)
Event: 6.549 Thread 0x00000245930b6390 nmethod 2876 0x0000024580587710 code [0x00000245805878c0, 0x0000024580587a28]
Event: 6.703 Thread 0x00000245930b6390 2877   !   3       java.util.concurrent.locks.AbstractQueuedSynchronizer$ConditionObject::newConditionNode (78 bytes)
Event: 7.567 Thread 0x00000245930b6390 nmethod 2877 0x0000024580587b10 code [0x0000024580587d80, 0x0000024580588538]

GC Heap History (8 events):
Event: 0.653 GC heap before
{Heap before GC invocations=0 (full 0):
 garbage-first heap   total 120832K, used 22528K [0x0000000080000000, 0x0000000100000000)
  region size 1024K, 23 young (23552K), 0 survivors (0K)
 Metaspace       used 7974K, committed 8128K, reserved 1114112K
  class space    used 709K, committed 768K, reserved 1048576K
}
Event: 0.660 GC heap after
{Heap after GC invocations=1 (full 0):
 garbage-first heap   total 120832K, used 3512K [0x0000000080000000, 0x0000000100000000)
  region size 1024K, 3 young (3072K), 3 survivors (3072K)
 Metaspace       used 7974K, committed 8128K, reserved 1114112K
  class space    used 709K, committed 768K, reserved 1048576K
}
Event: 1.229 GC heap before
{Heap before GC invocations=1 (full 0):
 garbage-first heap   total 120832K, used 39352K [0x0000000080000000, 0x0000000100000000)
  region size 1024K, 36 young (36864K), 3 survivors (3072K)
 Metaspace       used 12148K, committed 12352K, reserved 1114112K
  class space    used 1273K, committed 1408K, reserved 1048576K
}
Event: 1.237 GC heap after
{Heap after GC invocations=2 (full 0):
 garbage-first heap   total 120832K, used 11266K [0x0000000080000000, 0x0000000100000000)
  region size 1024K, 5 young (5120K), 5 survivors (5120K)
 Metaspace       used 12148K, committed 12352K, reserved 1114112K
  class space    used 1273K, committed 1408K, reserved 1048576K
}
Event: 1.853 GC heap before
{Heap before GC invocations=2 (full 0):
 garbage-first heap   total 120832K, used 59394K [0x0000000080000000, 0x0000000100000000)
  region size 1024K, 50 young (51200K), 5 survivors (5120K)
 Metaspace       used 12826K, committed 13056K, reserved 1114112K
  class space    used 1395K, committed 1536K, reserved 1048576K
}
Event: 1.863 GC heap after
{Heap after GC invocations=3 (full 0):
 garbage-first heap   total 120832K, used 16916K [0x0000000080000000, 0x0000000100000000)
  region size 1024K, 5 young (5120K), 5 survivors (5120K)
 Metaspace       used 12826K, committed 13056K, reserved 1114112K
  class space    used 1395K, committed 1536K, reserved 1048576K
}
Event: 2.863 GC heap before
{Heap before GC invocations=3 (full 0):
 garbage-first heap   total 120832K, used 44564K [0x0000000080000000, 0x0000000100000000)
  region size 1024K, 33 young (33792K), 5 survivors (5120K)
 Metaspace       used 21182K, committed 21504K, reserved 1114112K
  class space    used 2436K, committed 2624K, reserved 1048576K
}
Event: 2.869 GC heap after
{Heap after GC invocations=4 (full 0):
 garbage-first heap   total 120832K, used 20575K [0x0000000080000000, 0x0000000100000000)
  region size 1024K, 9 young (9216K), 9 survivors (9216K)
 Metaspace       used 21182K, committed 21504K, reserved 1114112K
  class space    used 2436K, committed 2624K, reserved 1048576K
}

Dll operation events (3 events):
Event: 0.028 Loaded shared library C:\Program Files\Android\Android Studio\jbr\bin\java.dll
Event: 0.042 Loaded shared library C:\Program Files\Android\Android Studio\jbr\bin\zip.dll
Event: 0.732 Loaded shared library C:\Program Files\Android\Android Studio\jbr\bin\verify.dll

Deoptimization events (20 events):
Event: 3.770 Thread 0x00000245951e3200 DEOPT PACKING pc=0x00000245800eb2d9 sp=0x00000057c6ffab10
Event: 3.770 Thread 0x00000245951e3200 DEOPT UNPACKING pc=0x0000024587584e42 sp=0x00000057c6ff9fa8 mode 0
Event: 3.823 Thread 0x00000245951e3200 Uncommon trap: trap_request=0xffffff45 fr.pc=0x0000024587bc0f80 relative=0x00000000000000c0
Event: 3.823 Thread 0x00000245951e3200 Uncommon trap: reason=unstable_if action=reinterpret pc=0x0000024587bc0f80 method=jdk.internal.misc.Unsafe.convEndian(ZI)I @ 4 c2
Event: 3.823 Thread 0x00000245951e3200 DEOPT PACKING pc=0x0000024587bc0f80 sp=0x00000057c6ffb590
Event: 3.823 Thread 0x00000245951e3200 DEOPT UNPACKING pc=0x00000245875846a2 sp=0x00000057c6ffb428 mode 2
Event: 4.038 Thread 0x00000245951e3200 Uncommon trap: trap_request=0xffffff45 fr.pc=0x0000024587af6d1c relative=0x0000000000000d1c
Event: 4.038 Thread 0x00000245951e3200 Uncommon trap: reason=unstable_if action=reinterpret pc=0x0000024587af6d1c method=java.io.WinNTFileSystem.resolve(Ljava/lang/String;Ljava/lang/String;)Ljava/lang/String; @ 19 c2
Event: 4.038 Thread 0x00000245951e3200 DEOPT PACKING pc=0x0000024587af6d1c sp=0x00000057c6ffba10
Event: 4.038 Thread 0x00000245951e3200 DEOPT UNPACKING pc=0x00000245875846a2 sp=0x00000057c6ffb9a8 mode 2
Event: 4.041 Thread 0x00000245951e3200 Uncommon trap: trap_request=0xffffff45 fr.pc=0x0000024587b64110 relative=0x0000000000000630
Event: 4.041 Thread 0x00000245951e3200 Uncommon trap: reason=unstable_if action=reinterpret pc=0x0000024587b64110 method=java.io.File.getName()Ljava/lang/String; @ 16 c2
Event: 4.041 Thread 0x00000245951e3200 DEOPT PACKING pc=0x0000024587b64110 sp=0x00000057c6ffb9d0
Event: 4.041 Thread 0x00000245951e3200 DEOPT UNPACKING pc=0x00000245875846a2 sp=0x00000057c6ffb9a0 mode 2
Event: 4.370 Thread 0x00000245951e3200 Uncommon trap: trap_request=0xffffff45 fr.pc=0x0000024587afb690 relative=0x00000000000000f0
Event: 4.370 Thread 0x00000245951e3200 Uncommon trap: reason=unstable_if action=reinterpret pc=0x0000024587afb690 method=java.util.HashMap.hash(Ljava/lang/Object;)I @ 1 c2
Event: 4.370 Thread 0x00000245951e3200 DEOPT PACKING pc=0x0000024587afb690 sp=0x00000057c6ffca30
Event: 4.370 Thread 0x00000245951e3200 DEOPT UNPACKING pc=0x00000245875846a2 sp=0x00000057c6ffc970 mode 2
Event: 5.901 Thread 0x00000245951e3200 DEOPT PACKING pc=0x000002458046fd22 sp=0x00000057c6ffbbf0
Event: 5.901 Thread 0x00000245951e3200 DEOPT UNPACKING pc=0x0000024587584e42 sp=0x00000057c6ffb100 mode 0

Classes loaded (20 events):
Event: 4.711 Loading class java/lang/invoke/BoundMethodHandle$Species_LLLLLLLLLLLLLLL
Event: 4.711 Loading class java/lang/invoke/BoundMethodHandle$Species_LLLLLLLLLLLLLLL done
Event: 4.881 Loading class java/lang/invoke/BoundMethodHandle$Species_LLLLLLLLLLLLLLLL
Event: 4.882 Loading class java/lang/invoke/BoundMethodHandle$Species_LLLLLLLLLLLLLLLL done
Event: 4.883 Loading class java/lang/invoke/BoundMethodHandle$Species_LLLLLLLLLLLLLLLLL
Event: 4.884 Loading class java/lang/invoke/BoundMethodHandle$Species_LLLLLLLLLLLLLLLLL done
Event: 4.887 Loading class java/lang/invoke/BoundMethodHandle$Species_LLLLLLLLLLLLLLLLLL
Event: 4.887 Loading class java/lang/invoke/BoundMethodHandle$Species_LLLLLLLLLLLLLLLLLL done
Event: 4.952 Loading class java/lang/invoke/BoundMethodHandle$Species_LLLLLLLLLLLLLLLLLLL
Event: 4.953 Loading class java/lang/invoke/BoundMethodHandle$Species_LLLLLLLLLLLLLLLLLLL done
Event: 4.956 Loading class java/lang/invoke/BoundMethodHandle$Species_LLLLLLLLLLLLLLLLLLLL
Event: 4.958 Loading class java/lang/invoke/BoundMethodHandle$Species_LLLLLLLLLLLLLLLLLLLL done
Event: 5.032 Loading class java/lang/invoke/BoundMethodHandle$Species_LLLLLLLLLLLLLLLLLLLLL
Event: 5.032 Loading class java/lang/invoke/BoundMethodHandle$Species_LLLLLLLLLLLLLLLLLLLLL done
Event: 5.035 Loading class java/lang/invoke/BoundMethodHandle$Species_LLLLLLLLLLLLLLLLLLLLLL
Event: 5.035 Loading class java/lang/invoke/BoundMethodHandle$Species_LLLLLLLLLLLLLLLLLLLLLL done
Event: 5.037 Loading class java/lang/invoke/BoundMethodHandle$Species_LLLLLLLLLLLLLLLLLLLLLLL
Event: 5.037 Loading class java/lang/invoke/BoundMethodHandle$Species_LLLLLLLLLLLLLLLLLLLLLLL done
Event: 5.910 Loading class java/util/Collections$2
Event: 6.006 Loading class java/util/Collections$2 done

Classes unloaded (0 events):
No events

Classes redefined (0 events):
No events

Internal exceptions (20 events):
Event: 3.567 Thread 0x00000245951e3200 Exception <a 'java/lang/IncompatibleClassChangeError'{0x0000000082cd3c68}: Found class java.lang.Object, but interface was expected> (0x0000000082cd3c68) 
thrown [s\src\hotspot\share\interpreter\linkResolver.cpp, line 851]
Event: 3.587 Thread 0x00000245951e3200 Exception <a 'java/lang/NoSuchMethodError'{0x0000000082bfbea0}: 'java.lang.Object java.lang.invoke.DirectMethodHandle$Holder.newInvokeSpecial(java.lang.Object, java.lang.Object, int)'> (0x0000000082bfbea0) 
thrown [s\src\hotspot\share\interpreter\linkResolver.cpp, line 784]
Event: 3.942 Thread 0x00000245951e3200 Exception <a 'java/lang/NoSuchMethodError'{0x0000000082777fb8}: 'java.lang.Object java.lang.invoke.DirectMethodHandle$Holder.invokeVirtual(java.lang.Object, java.lang.Object, java.lang.Object, java.lang.Object, java.lang.Object, java.lang.Object, java.lang.Object, java.lang.Object)'> (0x0000000082777fb8) 
thrown [s\src\hotspot\share\interpreter\linkResolver.cpp, line 784]
Event: 4.220 Thread 0x00000245951e3200 Exception <a 'java/lang/NoSuchMethodError'{0x00000000825e5d48}: 'int java.lang.invoke.DirectMethodHandle$Holder.invokeSpecialIFC(java.lang.Object, java.lang.Object, java.lang.Object, java.lang.Object)'> (0x00000000825e5d48) 
thrown [s\src\hotspot\share\interpreter\linkResolver.cpp, line 784]
Event: 4.222 Thread 0x00000245951e3200 Exception <a 'java/lang/NoSuchMethodError'{0x00000000825f3590}: 'java.lang.Object java.lang.invoke.DirectMethodHandle$Holder.invokeInterface(java.lang.Object, java.lang.Object, java.lang.Object)'> (0x00000000825f3590) 
thrown [s\src\hotspot\share\interpreter\linkResolver.cpp, line 784]
Event: 4.222 Thread 0x00000245951e3200 Exception <a 'java/lang/IncompatibleClassChangeError'{0x00000000825f71a8}: Found class java.lang.Object, but interface was expected> (0x00000000825f71a8) 
thrown [s\src\hotspot\share\interpreter\linkResolver.cpp, line 851]
Event: 4.370 Thread 0x00000245951e3200 Implicit null exception at 0x0000024587afb5e6 to 0x0000024587afb686
Event: 4.397 Thread 0x00000245951e3200 Exception <a 'java/lang/NoSuchMethodError'{0x00000000823ddc48}: 'int java.lang.invoke.DirectMethodHandle$Holder.invokeStatic(java.lang.Object, java.lang.Object, java.lang.Object, java.lang.Object)'> (0x00000000823ddc48) 
thrown [s\src\hotspot\share\interpreter\linkResolver.cpp, line 784]
Event: 4.707 Thread 0x00000245951e3200 Exception <a 'java/lang/NoSuchMethodError'{0x00000000821caaa0}: 'java.lang.Object java.lang.invoke.DelegatingMethodHandle$Holder.reinvoke_L(java.lang.Object, java.lang.Object, java.lang.Object, java.lang.Object, java.lang.Object, java.lang.Object, java.lang.Object, java.lang.Object, java.lang.Object, java.lang.Object, java.lang.Object, java.lang.Object, java.lang.Object, java.lang.Object, java.lang.Object, java.lang.Object, java.lang.Object, java.lang.Object, java.lang.Object, java.lang.Object, java.lang.O
Event: 4.711 Thread 0x00000245951e3200 Exception <a 'java/lang/NoSuchMethodError'{0x0000000082038f08}: 'java.lang.Object java.lang.invoke.DirectMethodHandle$Holder.invokeStatic(java.lang.Object, java.lang.Object, java.lang.Object, java.lang.Object, java.lang.Object, java.lang.Object, java.lang.Object, java.lang.Object, java.lang.Object, java.lang.Object, java.lang.Object, java.lang.Object, java.lang.Object, java.lang.Object, java.lang.Object, java.lang.Object, java.lang.Object)'> (0x0000000082038f08) 
thrown [s\src\hotspot\share\interpreter\lin
Event: 4.880 Thread 0x00000245951e3200 Exception <a 'java/lang/NoSuchMethodError'{0x0000000082061c98}: 'java.lang.Object java.lang.invoke.DirectMethodHandle$Holder.invokeStatic(java.lang.Object, java.lang.Object, java.lang.Object, java.lang.Object, java.lang.Object, java.lang.Object, java.lang.Object, java.lang.Object, java.lang.Object, java.lang.Object, java.lang.Object, java.lang.Object, java.lang.Object, java.lang.Object, java.lang.Object, java.lang.Object, java.lang.Object, java.lang.Object)'> (0x0000000082061c98) 
thrown [s\src\hotspot\sha
Event: 4.883 Thread 0x00000245951e3200 Exception <a 'java/lang/NoSuchMethodError'{0x000000008208bf68}: 'java.lang.Object java.lang.invoke.DirectMethodHandle$Holder.invokeStatic(java.lang.Object, java.lang.Object, java.lang.Object, java.lang.Object, java.lang.Object, java.lang.Object, java.lang.Object, java.lang.Object, java.lang.Object, java.lang.Object, java.lang.Object, java.lang.Object, java.lang.Object, java.lang.Object, java.lang.Object, java.lang.Object, java.lang.Object, java.lang.Object, java.lang.Object)'> (0x000000008208bf68) 
thrown 
Event: 4.885 Thread 0x00000245951e3200 Exception <a 'java/lang/NoSuchMethodError'{0x00000000820b7490}: 'java.lang.Object java.lang.invoke.DirectMethodHandle$Holder.invokeStatic(java.lang.Object, java.lang.Object, java.lang.Object, java.lang.Object, java.lang.Object, java.lang.Object, java.lang.Object, java.lang.Object, java.lang.Object, java.lang.Object, java.lang.Object, java.lang.Object, java.lang.Object, java.lang.Object, java.lang.Object, java.lang.Object, java.lang.Object, java.lang.Object, java.lang.Object, java.lang.Object)'> (0x00000000
Event: 4.889 Thread 0x00000245951e3200 Exception <a 'java/lang/NoSuchMethodError'{0x00000000820e3dd0}: 'java.lang.Object java.lang.invoke.DirectMethodHandle$Holder.invokeStatic(java.lang.Object, java.lang.Object, java.lang.Object, java.lang.Object, java.lang.Object, java.lang.Object, java.lang.Object, java.lang.Object, java.lang.Object, java.lang.Object, java.lang.Object, java.lang.Object, java.lang.Object, java.lang.Object, java.lang.Object, java.lang.Object, java.lang.Object, java.lang.Object, java.lang.Object, java.lang.Object, java.lang.Obj
Event: 4.955 Thread 0x00000245951e3200 Exception <a 'java/lang/NoSuchMethodError'{0x0000000081f117f8}: 'java.lang.Object java.lang.invoke.DirectMethodHandle$Holder.invokeStatic(java.lang.Object, java.lang.Object, java.lang.Object, java.lang.Object, java.lang.Object, java.lang.Object, java.lang.Object, java.lang.Object, java.lang.Object, java.lang.Object, java.lang.Object, java.lang.Object, java.lang.Object, java.lang.Object, java.lang.Object, java.lang.Object, java.lang.Object, java.lang.Object, java.lang.Object, java.lang.Object, java.lang.Obj
Event: 5.030 Thread 0x00000245951e3200 Exception <a 'java/lang/NoSuchMethodError'{0x0000000081f3faf0}: 'java.lang.Object java.lang.invoke.DirectMethodHandle$Holder.invokeStatic(java.lang.Object, java.lang.Object, java.lang.Object, java.lang.Object, java.lang.Object, java.lang.Object, java.lang.Object, java.lang.Object, java.lang.Object, java.lang.Object, java.lang.Object, java.lang.Object, java.lang.Object, java.lang.Object, java.lang.Object, java.lang.Object, java.lang.Object, java.lang.Object, java.lang.Object, java.lang.Object, java.lang.Obj
Event: 5.034 Thread 0x00000245951e3200 Exception <a 'java/lang/NoSuchMethodError'{0x0000000081f6ef70}: 'java.lang.Object java.lang.invoke.DirectMethodHandle$Holder.invokeStatic(java.lang.Object, java.lang.Object, java.lang.Object, java.lang.Object, java.lang.Object, java.lang.Object, java.lang.Object, java.lang.Object, java.lang.Object, java.lang.Object, java.lang.Object, java.lang.Object, java.lang.Object, java.lang.Object, java.lang.Object, java.lang.Object, java.lang.Object, java.lang.Object, java.lang.Object, java.lang.Object, java.lang.Obj
Event: 5.036 Thread 0x00000245951e3200 Exception <a 'java/lang/NoSuchMethodError'{0x0000000081f9ed50}: 'java.lang.Object java.lang.invoke.DirectMethodHandle$Holder.invokeStatic(java.lang.Object, java.lang.Object, java.lang.Object, java.lang.Object, java.lang.Object, java.lang.Object, java.lang.Object, java.lang.Object, java.lang.Object, java.lang.Object, java.lang.Object, java.lang.Object, java.lang.Object, java.lang.Object, java.lang.Object, java.lang.Object, java.lang.Object, java.lang.Object, java.lang.Object, java.lang.Object, java.lang.Obj
Event: 5.039 Thread 0x00000245951e3200 Exception <a 'java/lang/NoSuchMethodError'{0x0000000081fd06e0}: 'java.lang.Object java.lang.invoke.DirectMethodHandle$Holder.invokeStatic(java.lang.Object, java.lang.Object, java.lang.Object, java.lang.Object, java.lang.Object, java.lang.Object, java.lang.Object, java.lang.Object, java.lang.Object, java.lang.Object, java.lang.Object, java.lang.Object, java.lang.Object, java.lang.Object, java.lang.Object, java.lang.Object, java.lang.Object, java.lang.Object, java.lang.Object, java.lang.Object, java.lang.Obj
Event: 5.424 Thread 0x00000245951e3200 Exception <a 'java/lang/IncompatibleClassChangeError'{0x0000000081eca7f0}: Found class java.lang.Object, but interface was expected> (0x0000000081eca7f0) 
thrown [s\src\hotspot\share\interpreter\linkResolver.cpp, line 851]

ZGC Phase Switch (0 events):
No events

VM Operations (20 events):
Event: 2.581 Executing VM operation: HandshakeAllThreads (Deoptimize) done
Event: 2.787 Executing VM operation: ICBufferFull
Event: 2.787 Executing VM operation: ICBufferFull done
Event: 2.863 Executing VM operation: CollectForMetadataAllocation (Metadata GC Threshold)
Event: 2.869 Executing VM operation: CollectForMetadataAllocation (Metadata GC Threshold) done
Event: 2.873 Executing VM operation: G1PauseRemark
Event: 2.875 Executing VM operation: G1PauseRemark done
Event: 2.877 Executing VM operation: G1PauseCleanup
Event: 2.880 Executing VM operation: G1PauseCleanup done
Event: 3.586 Executing VM operation: HandshakeAllThreads (Deoptimize)
Event: 3.586 Executing VM operation: HandshakeAllThreads (Deoptimize) done
Event: 4.592 Executing VM operation: Cleanup
Event: 4.608 Executing VM operation: Cleanup done
Event: 5.165 Executing VM operation: HandshakeAllThreads (Deoptimize)
Event: 5.165 Executing VM operation: HandshakeAllThreads (Deoptimize) done
Event: 5.166 Executing VM operation: HandshakeAllThreads (Deoptimize)
Event: 5.166 Executing VM operation: HandshakeAllThreads (Deoptimize) done
Event: 6.176 Executing VM operation: Cleanup
Event: 6.176 Executing VM operation: Cleanup done
Event: 7.182 Executing VM operation: Cleanup

Memory protections (0 events):
No events

Nmethod flushes (0 events):
No events

Events (20 events):
Event: 0.233 Thread 0x00000245f28400f0 Thread added: 0x000002459339f8d0
Event: 0.513 Loaded shared library C:\Program Files\Android\Android Studio\jbr\bin\jimage.dll
Event: 0.852 Loaded shared library C:\Users\QUINTER\.gradle\native\c067742578af261105cb4f569cf0c3c89f3d7b1fecec35dd04571415982c5e48\windows-amd64\native-platform.dll
Event: 0.865 Loaded shared library C:\Users\QUINTER\.gradle\native\100fb08df4bc3b14c8652ba06237920a3bd2aa13389f12d3474272988ae205f9\windows-amd64\native-platform-file-events.dll
Event: 2.053 Loaded shared library C:\Program Files\Android\Android Studio\jbr\bin\management.dll
Event: 2.061 Loaded shared library C:\Program Files\Android\Android Studio\jbr\bin\management_ext.dll
Event: 2.108 Thread 0x00000245f28400f0 Thread added: 0x0000024594fa7690
Event: 2.409 Loaded shared library C:\Program Files\Android\Android Studio\jbr\bin\extnet.dll
Event: 2.475 Thread 0x00000245f28400f0 Thread added: 0x00000245950688a0
Event: 2.538 Thread 0x00000245f28400f0 Thread added: 0x000002459515f910
Event: 2.718 Thread 0x00000245950688a0 Thread added: 0x00000245951b5070
Event: 2.721 Thread 0x00000245951b5070 Thread added: 0x00000245951c4870
Event: 2.761 Thread 0x00000245951b5070 Thread added: 0x00000245951db270
Event: 2.767 Thread 0x00000245951b5070 Thread added: 0x00000245951e3200
Event: 2.774 Thread 0x00000245951e3200 Thread added: 0x000002459520c3c0
Event: 2.778 Thread 0x00000245951e3200 Thread added: 0x0000024595201690
Event: 2.780 Thread 0x00000245951e3200 Thread added: 0x00000245952023b0
Event: 3.586 Thread 0x00000245951e3200 Thread added: 0x0000024595200970
Event: 3.624 Thread 0x00000245951e3200 Thread added: 0x0000024595201d20
Event: 3.783 Thread 0x00000245951e3200 Thread added: 0x00000245951fef30


Dynamic libraries:
0x00007ff69f7e0000 - 0x00007ff69f7ea000 	C:\Program Files\Android\Android Studio\jbr\bin\java.exe
0x00007ffe92980000 - 0x00007ffe92be8000 	C:\WINDOWS\SYSTEM32\ntdll.dll
0x00007ffe91770000 - 0x00007ffe91839000 	C:\WINDOWS\System32\KERNEL32.DLL
0x00007ffe8fd70000 - 0x00007ffe9015d000 	C:\WINDOWS\System32\KERNELBASE.dll
0x00007ffe902e0000 - 0x00007ffe9042b000 	C:\WINDOWS\System32\ucrtbase.dll
0x00007ffe752c0000 - 0x00007ffe752d8000 	C:\Program Files\Android\Android Studio\jbr\bin\jli.dll
0x00007ffe921d0000 - 0x00007ffe9239c000 	C:\WINDOWS\System32\USER32.dll
0x00007ffe90430000 - 0x00007ffe90457000 	C:\WINDOWS\System32\win32u.dll
0x00007ffe75d50000 - 0x00007ffe75fea000 	C:\WINDOWS\WinSxS\amd64_microsoft.windows.common-controls_6595b64144ccf1df_6.0.26100.4484_none_3e0e6d4ce32ef3b3\COMCTL32.dll
0x00007ffe91080000 - 0x00007ffe910ab000 	C:\WINDOWS\System32\GDI32.dll
0x00007ffe90720000 - 0x00007ffe907c9000 	C:\WINDOWS\System32\msvcrt.dll
0x00007ffe90460000 - 0x00007ffe90597000 	C:\WINDOWS\System32\gdi32full.dll
0x00007ffe8fcc0000 - 0x00007ffe8fd63000 	C:\WINDOWS\System32\msvcp_win.dll
0x00007ffe325c0000 - 0x00007ffe325db000 	C:\Program Files\Android\Android Studio\jbr\bin\VCRUNTIME140.dll
0x00007ffe91860000 - 0x00007ffe9188f000 	C:\WINDOWS\System32\IMM32.DLL
0x00007ffe6a700000 - 0x00007ffe6a70c000 	C:\Program Files\Android\Android Studio\jbr\bin\vcruntime140_1.dll
0x00007ffe0a470000 - 0x00007ffe0a4fd000 	C:\Program Files\Android\Android Studio\jbr\bin\msvcp140.dll
0x00007ffdd7330000 - 0x00007ffdd7fbb000 	C:\Program Files\Android\Android Studio\jbr\bin\server\jvm.dll
0x00007ffe912f0000 - 0x00007ffe913a4000 	C:\WINDOWS\System32\ADVAPI32.dll
0x00007ffe911b0000 - 0x00007ffe91256000 	C:\WINDOWS\System32\sechost.dll
0x00007ffe915e0000 - 0x00007ffe916f8000 	C:\WINDOWS\System32\RPCRT4.dll
0x00007ffe91560000 - 0x00007ffe915d4000 	C:\WINDOWS\System32\WS2_32.dll
0x00007ffe8f920000 - 0x00007ffe8f97e000 	C:\WINDOWS\SYSTEM32\POWRPROF.dll
0x00007ffe883c0000 - 0x00007ffe883f5000 	C:\WINDOWS\SYSTEM32\WINMM.dll
0x00007ffe88d30000 - 0x00007ffe88d3b000 	C:\WINDOWS\SYSTEM32\VERSION.dll
0x00007ffe8f900000 - 0x00007ffe8f914000 	C:\WINDOWS\SYSTEM32\UMPDC.dll
0x00007ffe8e840000 - 0x00007ffe8e85b000 	C:\WINDOWS\SYSTEM32\kernel.appcore.dll
0x00007ffe65ec0000 - 0x00007ffe65eca000 	C:\Program Files\Android\Android Studio\jbr\bin\jimage.dll
0x00007ffe85850000 - 0x00007ffe85a91000 	C:\WINDOWS\SYSTEM32\DBGHELP.DLL
0x00007ffe907d0000 - 0x00007ffe90b56000 	C:\WINDOWS\System32\combase.dll
0x00007ffe925f0000 - 0x00007ffe926d0000 	C:\WINDOWS\System32\OLEAUT32.dll
0x00007ffe73b90000 - 0x00007ffe73bd3000 	C:\WINDOWS\SYSTEM32\dbgcore.DLL
0x00007ffe8fc20000 - 0x00007ffe8fcb9000 	C:\WINDOWS\System32\bcryptPrimitives.dll
0x00007ffe76170000 - 0x00007ffe7617e000 	C:\Program Files\Android\Android Studio\jbr\bin\instrument.dll
0x00007ffe323d0000 - 0x00007ffe323f0000 	C:\Program Files\Android\Android Studio\jbr\bin\java.dll
0x00007ffe323b0000 - 0x00007ffe323c8000 	C:\Program Files\Android\Android Studio\jbr\bin\zip.dll
0x00007ffe918a0000 - 0x00007ffe91fea000 	C:\WINDOWS\System32\SHELL32.dll
0x00007ffe90160000 - 0x00007ffe902d4000 	C:\WINDOWS\System32\wintypes.dll
0x00007ffe8d700000 - 0x00007ffe8df5b000 	C:\WINDOWS\SYSTEM32\windows.storage.dll
0x00007ffe910b0000 - 0x00007ffe911a5000 	C:\WINDOWS\System32\SHCORE.dll
0x00007ffe91700000 - 0x00007ffe9176a000 	C:\WINDOWS\System32\shlwapi.dll
0x00007ffe8f9e0000 - 0x00007ffe8fa0f000 	C:\WINDOWS\SYSTEM32\profapi.dll
0x00007ffe56910000 - 0x00007ffe56920000 	C:\Program Files\Android\Android Studio\jbr\bin\net.dll
0x00007ffe88910000 - 0x00007ffe88a2e000 	C:\WINDOWS\SYSTEM32\WINHTTP.dll
0x00007ffe8eda0000 - 0x00007ffe8ee0a000 	C:\WINDOWS\system32\mswsock.dll
0x00007ffe29c30000 - 0x00007ffe29c46000 	C:\Program Files\Android\Android Studio\jbr\bin\nio.dll
0x00007ffe38c30000 - 0x00007ffe38c40000 	C:\Program Files\Android\Android Studio\jbr\bin\verify.dll
0x00007ffe0f640000 - 0x00007ffe0f667000 	C:\Users\QUINTER\.gradle\native\c067742578af261105cb4f569cf0c3c89f3d7b1fecec35dd04571415982c5e48\windows-amd64\native-platform.dll
0x00007ffe04970000 - 0x00007ffe04ab4000 	C:\Users\QUINTER\.gradle\native\100fb08df4bc3b14c8652ba06237920a3bd2aa13389f12d3474272988ae205f9\windows-amd64\native-platform-file-events.dll
0x00007ffe563f0000 - 0x00007ffe563f9000 	C:\Program Files\Android\Android Studio\jbr\bin\management.dll
0x00007ffe3fe70000 - 0x00007ffe3fe7b000 	C:\Program Files\Android\Android Studio\jbr\bin\management_ext.dll
0x00007ffe928b0000 - 0x00007ffe928b8000 	C:\WINDOWS\System32\PSAPI.DLL
0x00007ffe8f180000 - 0x00007ffe8f19b000 	C:\WINDOWS\SYSTEM32\CRYPTSP.dll
0x00007ffe8e7a0000 - 0x00007ffe8e7da000 	C:\WINDOWS\system32\rsaenh.dll
0x00007ffe8ee40000 - 0x00007ffe8ee6b000 	C:\WINDOWS\SYSTEM32\USERENV.dll
0x00007ffe8f9b0000 - 0x00007ffe8f9d6000 	C:\WINDOWS\SYSTEM32\bcrypt.dll
0x00007ffe8efe0000 - 0x00007ffe8efec000 	C:\WINDOWS\SYSTEM32\CRYPTBASE.dll
0x00007ffe8e250000 - 0x00007ffe8e283000 	C:\WINDOWS\SYSTEM32\IPHLPAPI.DLL
0x00007ffe91840000 - 0x00007ffe9184a000 	C:\WINDOWS\System32\NSI.dll
0x00007ffe56800000 - 0x00007ffe56809000 	C:\Program Files\Android\Android Studio\jbr\bin\extnet.dll
0x00007ffe16b00000 - 0x00007ffe16b08000 	C:\WINDOWS\system32\wshunix.dll

dbghelp: loaded successfully - version: 4.0.5 - missing functions: none
symbol engine: initialized successfully - sym options: 0x614 - pdb path: .;C:\Program Files\Android\Android Studio\jbr\bin;C:\WINDOWS\SYSTEM32;C:\WINDOWS\WinSxS\amd64_microsoft.windows.common-controls_6595b64144ccf1df_6.0.26100.4484_none_3e0e6d4ce32ef3b3;C:\Program Files\Android\Android Studio\jbr\bin\server;C:\Users\QUINTER\.gradle\native\c067742578af261105cb4f569cf0c3c89f3d7b1fecec35dd04571415982c5e48\windows-amd64;C:\Users\QUINTER\.gradle\native\100fb08df4bc3b14c8652ba06237920a3bd2aa13389f12d3474272988ae205f9\windows-amd64

VM Arguments:
jvm_args: --add-opens=java.base/java.lang=ALL-UNNAMED --add-opens=java.base/java.lang.invoke=ALL-UNNAMED --add-opens=java.base/java.util=ALL-UNNAMED --add-opens=java.prefs/java.util.prefs=ALL-UNNAMED --add-exports=jdk.compiler/com.sun.tools.javac.api=ALL-UNNAMED --add-exports=jdk.compiler/com.sun.tools.javac.util=ALL-UNNAMED --add-opens=java.base/java.util=ALL-UNNAMED --add-opens=java.prefs/java.util.prefs=ALL-UNNAMED --add-opens=java.base/java.nio.charset=ALL-UNNAMED --add-opens=java.base/java.net=ALL-UNNAMED --add-opens=java.base/java.util.concurrent.atomic=ALL-UNNAMED --add-opens=java.xml/javax.xml.namespace=ALL-UNNAMED -Xmx2048m -Dfile.encoding=UTF-8 -Duser.country=US -Duser.language=en -Duser.variant -javaagent:C:\Users\QUINTER\.gradle\wrapper\dists\gradle-8.11.1-bin\bpt9gzteqjrbo1mjrsomdt32c\gradle-8.11.1\lib\agents\gradle-instrumentation-agent-8.11.1.jar 
java_command: org.gradle.launcher.daemon.bootstrap.GradleDaemon 8.11.1
java_class_path (initial): C:\Users\QUINTER\.gradle\wrapper\dists\gradle-8.11.1-bin\bpt9gzteqjrbo1mjrsomdt32c\gradle-8.11.1\lib\gradle-daemon-main-8.11.1.jar
Launcher Type: SUN_STANDARD

[Global flags]
     intx CICompilerCount                          = 4                                         {product} {ergonomic}
     uint ConcGCThreads                            = 3                                         {product} {ergonomic}
     uint G1ConcRefinementThreads                  = 10                                        {product} {ergonomic}
   size_t G1HeapRegionSize                         = 1048576                                   {product} {ergonomic}
    uintx GCDrainStackTargetSize                   = 64                                        {product} {ergonomic}
   size_t InitialHeapSize                          = 123731968                                 {product} {ergonomic}
   size_t MarkStackSize                            = 4194304                                   {product} {ergonomic}
   size_t MaxHeapSize                              = 2147483648                                {product} {command line}
   size_t MaxNewSize                               = 1287651328                                {product} {ergonomic}
   size_t MinHeapDeltaBytes                        = 1048576                                   {product} {ergonomic}
   size_t MinHeapSize                              = 8388608                                   {product} {ergonomic}
    uintx NonNMethodCodeHeapSize                   = 5839372                                {pd product} {ergonomic}
    uintx NonProfiledCodeHeapSize                  = 122909434                              {pd product} {ergonomic}
    uintx ProfiledCodeHeapSize                     = 122909434                              {pd product} {ergonomic}
    uintx ReservedCodeCacheSize                    = 251658240                              {pd product} {ergonomic}
     bool SegmentedCodeCache                       = true                                      {product} {ergonomic}
   size_t SoftMaxHeapSize                          = 2147483648                             {manageable} {ergonomic}
     bool UseCompressedOops                        = true                           {product lp64_product} {ergonomic}
     bool UseG1GC                                  = true                                      {product} {ergonomic}
     bool UseLargePagesIndividualAllocation        = false                                  {pd product} {ergonomic}

Logging:
Log output configuration:
 #0: stdout all=warning uptime,level,tags foldmultilines=false
 #1: stderr all=off uptime,level,tags foldmultilines=false

Environment Variables:
PATH=C:\Python313\Scripts\;C:\Python313\;C:\Program Files\Common Files\Oracle\Java\javapath;C:\Program Files (x86)\VMware\VMware Workstation\bin\;C:\WINDOWS\system32;C:\WINDOWS;C:\WINDOWS\System32\Wbem;C:\WINDOWS\System32\WindowsPowerShell\v1.0\;C:\WINDOWS\System32\OpenSSH\;C:\Program Files\Git\cmd;C:\Users\QUINTER\Coding_languages\flutter_windows_3.27.3-stable\flutter\bin;C:\Users\QUINTER\Coding_languages\flutter_windows_3.27.3-stable\flutter\bin\cache\dart-sdk\bin;C:\Program Files (x86)\Windows Kits\10\Windows Performance Toolkit\;C:\Users\QUINTER\AppData\Local\Android\Sdk;C:\Users\QUINTER\AppData\Local\Packages\PythonSoftwareFoundation.Python.3.11_qbz5n2kfra8p0\LocalCache\local-packages\Python311\Scripts;C:\Users\QUINTER\Documents\kotlin-compiler-2.1.20\kotlinc\bin;C:\Users\QUINTER\Documents\node-v22.16.0;C:\Program Files (x86)\nodejs\;C:\ProgramData\chocolatey\bin;C:\php;C:\ProgramData\ComposerSetup\bin;C:\Program Files\PuTTY\;C:\Users\QUINTER\AppData\Local\Microsoft\WindowsApps;C:\Users\QUINTER\AppData\Local\Programs\Microsoft VS Code\bin;C:\Users\QUINTER\AppData\Local\GitHubDesktop\bin;C:\Program Files\Java\jdk-24\bin;C:\Program Files\JetBrains\IntelliJ IDEA Community Edition 2024.3.5\bin;;C:\Users\QUINTER\Documents\kotlin-compiler-2.1.20;;C:\Program Files\JetBrains\IntelliJ IDEA 2025.1\bin;;C:\Users\QUINTER\AppData\Roaming\npm;C:\Users\QUINTER\AppData\Roaming\Composer\vendor\bin
USERNAME=QUINTER
OS=Windows_NT
PROCESSOR_IDENTIFIER=AMD64 Family 25 Model 80 Stepping 0, AuthenticAMD
TMP=C:\Users\QUINTER\AppData\Local\Temp
TEMP=C:\Users\QUINTER\AppData\Local\Temp




Periodic native trim disabled

JNI global refs:
JNI global refs: 23, weak refs: 0

JNI global refs memory usage: 835, weak refs: 833

Process memory usage:
Resident Set Size: 76584K (0% of 7711748K total physical memory with 401852K free physical memory)

OOME stack traces (most recent first):
Classloader memory used:
Loader bootstrap                                                                       : 16056K
Loader org.gradle.internal.classloader.VisitableURLClassLoader                         : 10183K
Loader org.gradle.initialization.MixInLegacyTypesClassLoader                           : 1064K
Loader jdk.internal.loader.ClassLoaders$AppClassLoader                                 : 234K
Loader jdk.internal.loader.ClassLoaders$PlatformClassLoader                            : 114K

Classes loaded by more than one classloader:
Class org.gradle.internal.classloader.FilteringClassLoader                            : loaded 2 times (x 101B)
Class org.gradle.internal.classloader.ClassLoaderHierarchy                            : loaded 2 times (x 66B)
Class org.gradle.api.internal.classpath.ManifestUtil                                  : loaded 2 times (x 67B)
Class org.gradle.internal.classloader.DefaultClassLoaderFactory                       : loaded 2 times (x 78B)
Class org.gradle.internal.classloader.ClassLoaderVisitor                              : loaded 2 times (x 72B)
Class org.gradle.api.internal.classpath.EffectiveClassPath                            : loaded 2 times (x 86B)
Class org.gradle.api.internal.DefaultClassPathProvider                                : loaded 2 times (x 72B)
Class [Lorg.gradle.api.internal.ClassPathProvider;                                    : loaded 2 times (x 65B)
Class org.gradle.api.internal.ClassPathProvider                                       : loaded 2 times (x 66B)
Class org.gradle.internal.service.UnknownServiceException                             : loaded 2 times (x 79B)
Class org.gradle.internal.classpath.TransformedClassPath                              : loaded 2 times (x 92B)
Class org.gradle.internal.classloader.InstrumentingClassLoader                        : loaded 2 times (x 66B)
Class org.gradle.internal.service.ServiceLocator                                      : loaded 2 times (x 66B)
Class org.gradle.internal.InternalTransformer                                         : loaded 2 times (x 66B)
Class org.gradle.internal.classloader.ClasspathUtil$1                                 : loaded 2 times (x 72B)
Class org.gradle.api.internal.classpath.DefaultModuleRegistry$DefaultModule           : loaded 2 times (x 82B)
Class org.gradle.api.internal.classpath.Module                                        : loaded 2 times (x 66B)
Class org.gradle.api.internal.classpath.UnknownModuleException                        : loaded 2 times (x 78B)
Class org.gradle.api.internal.DefaultClassPathRegistry                                : loaded 2 times (x 72B)
Class org.gradle.api.internal.ClassPathRegistry                                       : loaded 2 times (x 66B)
Class org.gradle.internal.classpath.DefaultClassPath$ImmutableUniqueList              : loaded 2 times (x 195B)
Class org.gradle.internal.classpath.ClassPath                                         : loaded 2 times (x 66B)
Class org.gradle.api.UncheckedIOException                                             : loaded 2 times (x 78B)
Class org.gradle.internal.installation.GradleInstallation$1                           : loaded 2 times (x 71B)
Class org.gradle.api.internal.classpath.ModuleRegistry                                : loaded 2 times (x 66B)
Class org.gradle.api.internal.classpath.DefaultModuleRegistry                         : loaded 2 times (x 82B)
Class org.gradle.internal.service.ServiceLookupException                              : loaded 2 times (x 78B)
Class org.gradle.internal.classloader.ClassLoaderFactory                              : loaded 2 times (x 66B)
Class org.gradle.internal.service.CachingServiceLocator                               : loaded 2 times (x 78B)
Class org.gradle.internal.classloader.ClasspathUtil                                   : loaded 2 times (x 67B)
Class org.gradle.api.specs.Spec                                                       : loaded 2 times (x 66B)
Class org.gradle.internal.classloader.VisitableURLClassLoader$InstrumentingVisitableURLClassLoader: loaded 2 times (x 119B)
Class org.gradle.internal.classloader.VisitableURLClassLoader$Spec                    : loaded 2 times (x 70B)
Class org.gradle.internal.classpath.DefaultClassPath                                  : loaded 2 times (x 86B)
Class org.gradle.internal.classloader.ClassLoaderSpec                                 : loaded 2 times (x 67B)
Class org.gradle.internal.classloader.VisitableURLClassLoader                         : loaded 2 times (x 113B)
Class org.gradle.internal.Cast                                                        : loaded 2 times (x 67B)
Class org.gradle.api.Action                                                           : loaded 2 times (x 66B)
Class org.gradle.internal.classpath.DefaultClassPath$ImmutableUniqueList$Builder      : loaded 2 times (x 71B)
Class org.gradle.api.GradleException                                                  : loaded 2 times (x 78B)
Class org.gradle.internal.IoActions                                                   : loaded 2 times (x 67B)
Class org.gradle.internal.classloader.SystemClassLoaderSpec                           : loaded 2 times (x 67B)
Class org.gradle.api.internal.classpath.GlobalCacheRootsProvider                      : loaded 2 times (x 66B)
Class org.gradle.internal.installation.CurrentGradleInstallationLocator               : loaded 2 times (x 67B)
Class org.gradle.internal.service.DefaultServiceLocator                               : loaded 2 times (x 79B)
Class org.gradle.internal.installation.CurrentGradleInstallation                      : loaded 2 times (x 69B)
Class org.gradle.util.internal.GUtil                                                  : loaded 2 times (x 67B)
Class org.gradle.internal.installation.GradleInstallation                             : loaded 2 times (x 71B)

---------------  S Y S T E M  ---------------

OS:
 Windows 11 , 64 bit Build 26100 (10.0.26100.4484)
OS uptime: 4 days 2:04 hours
Hyper-V role detected

CPU: total 12 (initial active 12) (12 cores per cpu, 2 threads per core) family 25 model 80 stepping 0 microcode 0xa500011, cx8, cmov, fxsr, ht, mmx, 3dnowpref, sse, sse2, sse3, ssse3, sse4a, sse4.1, sse4.2, popcnt, lzcnt, tsc, tscinvbit, avx, avx2, aes, erms, clmul, bmi1, bmi2, adx, sha, fma, vzeroupper, clflush, clflushopt, hv, rdtscp, rdpid, fsrm, f16c, cet_ss
Processor Information for processor 0
  Max Mhz: 2301, Current Mhz: 2301, Mhz Limit: 2301
Processor Information for processor 1
  Max Mhz: 2301, Current Mhz: 2010, Mhz Limit: 2301
Processor Information for processor 2
  Max Mhz: 2301, Current Mhz: 2010, Mhz Limit: 2301
Processor Information for processor 3
  Max Mhz: 2301, Current Mhz: 2301, Mhz Limit: 2301
Processor Information for processor 4
  Max Mhz: 2301, Current Mhz: 2301, Mhz Limit: 2301
Processor Information for processor 5
  Max Mhz: 2301, Current Mhz: 2010, Mhz Limit: 2301
Processor Information for processor 6
  Max Mhz: 2301, Current Mhz: 2010, Mhz Limit: 2301
Processor Information for processor 7
  Max Mhz: 2301, Current Mhz: 2301, Mhz Limit: 2301
Processor Information for processor 8
  Max Mhz: 2301, Current Mhz: 2010, Mhz Limit: 2301
Processor Information for processor 9
  Max Mhz: 2301, Current Mhz: 2010, Mhz Limit: 2301
Processor Information for processor 10
  Max Mhz: 2301, Current Mhz: 2301, Mhz Limit: 2301
Processor Information for processor 11
  Max Mhz: 2301, Current Mhz: 2010, Mhz Limit: 2301

Memory: 4k page, system-wide physical 7531M (391M free)
TotalPageFile size 31083M (AvailPageFile size 5M)
current process WorkingSet (physical memory assigned to process): 75M, peak: 149M
current process commit charge ("private bytes"): 222M, peak: 249M

vm_info: OpenJDK 64-Bit Server VM (21.0.6+-13368085-b895.109) for windows-amd64 JRE (21.0.6+-13368085-b895.109), built on 2025-04-16T17:01:31Z by "builder" with MS VC++ 16.10 / 16.11 (VS2019)

END.
