#
# There is insufficient memory for the Java Runtime Environment to continue.
# Native memory allocation (malloc) failed to allocate 1501776 bytes. Error detail: Chunk::new
# Possible reasons:
#   The system is out of physical RAM or swap space
#   This process is running with CompressedOops enabled, and the Java Heap may be blocking the growth of the native heap
# Possible solutions:
#   Reduce memory load on the system
#   Increase physical memory or swap space
#   Check if swap backing store is full
#   Decrease Java heap size (-Xmx/-Xms)
#   Decrease number of Java threads
#   Decrease Java thread stack sizes (-Xss)
#   Set larger code cache with -XX:ReservedCodeCacheSize=
#   JVM is running with Unscaled Compressed Oops mode in which the Java heap is
#     placed in the first 4GB address space. The Java Heap base address is the
#     maximum limit for the native heap growth. Please use -XX:HeapBaseMinAddress
#     to set the Java Heap base and to place the Java Heap above 4GB virtual address.
# This output file may be truncated or incomplete.
#
#  Out of Memory Error (arena.cpp:168), pid=17364, tid=744
#
# JRE version: OpenJDK Runtime Environment (21.0.6) (build 21.0.6+-13368085-b895.109)
# Java VM: OpenJDK 64-Bit Server VM (21.0.6+-13368085-b895.109, mixed mode, tiered, compressed oops, compressed class ptrs, g1 gc, windows-amd64)
# No core dump will be written. Minidumps are not enabled by default on client versions of Windows
#

---------------  S U M M A R Y ------------

Command Line: org.jetbrains.kotlin.cli.jvm.K2JVMCompiler @D:\Work\Projects\3.1\App_Dev\Mobile-app-dev-3.1\Mindnest\app\build\20250706_7382362791683557141.compiler.options

Host: AMD Ryzen 5 5625U with Radeon Graphics         , 12 cores, 7G,  Windows 11 , 64 bit Build 26100 (10.0.26100.4484)
Time: Sun Jul  6 00:06:29 2025 E. Africa Standard Time elapsed time: 19.699555 seconds (0d 0h 0m 19s)

---------------  T H R E A D  ---------------

Current thread (0x000001f750f15290):  JavaThread "C2 CompilerThread1" daemon [_thread_in_native, id=744, stack(0x000000dd6fe00000,0x000000dd6ff00000) (1024K)]


Current CompileTask:
C2:19699 13484       4       org.jetbrains.kotlin.types.AbstractTypeMapper::mapType (561 bytes)

Stack: [0x000000dd6fe00000,0x000000dd6ff00000]
Native frames: (J=compiled Java code, j=interpreted, Vv=VM code, C=native code)
V  [jvm.dll+0x6d0639]
V  [jvm.dll+0x85eb03]
V  [jvm.dll+0x86105e]
V  [jvm.dll+0x861743]
V  [jvm.dll+0x27e6e6]
V  [jvm.dll+0xbff6d]
V  [jvm.dll+0xc04a3]
V  [jvm.dll+0x3b6171]
V  [jvm.dll+0x3820c7]
V  [jvm.dll+0x38153a]
V  [jvm.dll+0x247c82]
V  [jvm.dll+0x247251]
V  [jvm.dll+0x1c5f04]
V  [jvm.dll+0x2569ac]
V  [jvm.dll+0x254ef6]
V  [jvm.dll+0x3f0e96]
V  [jvm.dll+0x806ed8]
V  [jvm.dll+0x6cef0d]
C  [ucrtbase.dll+0x37b0]
C  [KERNEL32.DLL+0x2e8d7]
C  [ntdll.dll+0x3c34c]


---------------  P R O C E S S  ---------------

Threads class SMR info:
_java_thread_list=0x000001f74a070350, length=12, elements={
0x000001f72ba395c0, 0x000001f74340b4a0, 0x000001f74340ca60, 0x000001f743411040,
0x000001f7433f3e70, 0x000001f7433f6690, 0x000001f7433f97d0, 0x000001f74341e4c0,
0x000001f74342c410, 0x000001f7435bdd60, 0x000001f7435be3c0, 0x000001f750f15290
}

Java Threads: ( => current thread )
  0x000001f72ba395c0 JavaThread "main"                              [_thread_in_vm, id=3212, stack(0x000000dd6e300000,0x000000dd6e400000) (1024K)]
  0x000001f74340b4a0 JavaThread "Reference Handler"          daemon [_thread_blocked, id=16468, stack(0x000000dd6eb00000,0x000000dd6ec00000) (1024K)]
  0x000001f74340ca60 JavaThread "Finalizer"                  daemon [_thread_blocked, id=22368, stack(0x000000dd6ec00000,0x000000dd6ed00000) (1024K)]
  0x000001f743411040 JavaThread "Signal Dispatcher"          daemon [_thread_blocked, id=7196, stack(0x000000dd6ed00000,0x000000dd6ee00000) (1024K)]
  0x000001f7433f3e70 JavaThread "Attach Listener"            daemon [_thread_blocked, id=4036, stack(0x000000dd6ee00000,0x000000dd6ef00000) (1024K)]
  0x000001f7433f6690 JavaThread "Service Thread"             daemon [_thread_blocked, id=5900, stack(0x000000dd6ef00000,0x000000dd6f000000) (1024K)]
  0x000001f7433f97d0 JavaThread "Monitor Deflation Thread"   daemon [_thread_blocked, id=11764, stack(0x000000dd6f000000,0x000000dd6f100000) (1024K)]
  0x000001f74341e4c0 JavaThread "C2 CompilerThread0"         daemon [_thread_blocked, id=11756, stack(0x000000dd6f100000,0x000000dd6f200000) (1024K)]
  0x000001f74342c410 JavaThread "C1 CompilerThread0"         daemon [_thread_blocked, id=16616, stack(0x000000dd6f200000,0x000000dd6f300000) (1024K)]
  0x000001f7435bdd60 JavaThread "Notification Thread"        daemon [_thread_blocked, id=26924, stack(0x000000dd6f300000,0x000000dd6f400000) (1024K)]
  0x000001f7435be3c0 JavaThread "Common-Cleaner"             daemon [_thread_blocked, id=21680, stack(0x000000dd6f400000,0x000000dd6f500000) (1024K)]
=>0x000001f750f15290 JavaThread "C2 CompilerThread1"         daemon [_thread_in_native, id=744, stack(0x000000dd6fe00000,0x000000dd6ff00000) (1024K)]
Total: 12

Other Threads:
  0x000001f74323e520 VMThread "VM Thread"                           [id=13172, stack(0x000000dd6ea00000,0x000000dd6eb00000) (1024K)]
  0x000001f7431d7b10 WatcherThread "VM Periodic Task Thread"        [id=9580, stack(0x000000dd6e900000,0x000000dd6ea00000) (1024K)]
  0x000001f72ba8c060 WorkerThread "GC Thread#0"                     [id=15056, stack(0x000000dd6e400000,0x000000dd6e500000) (1024K)]
  0x000001f743d7f980 WorkerThread "GC Thread#1"                     [id=15764, stack(0x000000dd6f500000,0x000000dd6f600000) (1024K)]
  0x000001f743d9bfb0 WorkerThread "GC Thread#2"                     [id=16204, stack(0x000000dd6f600000,0x000000dd6f700000) (1024K)]
  0x000001f743d9c350 WorkerThread "GC Thread#3"                     [id=23632, stack(0x000000dd6f700000,0x000000dd6f800000) (1024K)]
  0x000001f743d9c6f0 WorkerThread "GC Thread#4"                     [id=14120, stack(0x000000dd6f800000,0x000000dd6f900000) (1024K)]
  0x000001f743d9ca90 WorkerThread "GC Thread#5"                     [id=15168, stack(0x000000dd6f900000,0x000000dd6fa00000) (1024K)]
  0x000001f743e3eaa0 WorkerThread "GC Thread#6"                     [id=5288, stack(0x000000dd6fa00000,0x000000dd6fb00000) (1024K)]
  0x000001f743e3dfc0 WorkerThread "GC Thread#7"                     [id=14676, stack(0x000000dd6fb00000,0x000000dd6fc00000) (1024K)]
  0x000001f7484a3160 WorkerThread "GC Thread#8"                     [id=28152, stack(0x000000dd70000000,0x000000dd70100000) (1024K)]
  0x000001f7484a38a0 WorkerThread "GC Thread#9"                     [id=22156, stack(0x000000dd70100000,0x000000dd70200000) (1024K)]
  0x000001f72ba9d1a0 ConcurrentGCThread "G1 Main Marker"            [id=8884, stack(0x000000dd6e500000,0x000000dd6e600000) (1024K)]
  0x000001f72ba9dca0 WorkerThread "G1 Conc#0"                       [id=7140, stack(0x000000dd6e600000,0x000000dd6e700000) (1024K)]
  0x000001f743e3dc20 WorkerThread "G1 Conc#1"                       [id=28608, stack(0x000000dd6fc00000,0x000000dd6fd00000) (1024K)]
  0x000001f743e3ee40 WorkerThread "G1 Conc#2"                       [id=9620, stack(0x000000dd6fd00000,0x000000dd6fe00000) (1024K)]
  0x000001f7430a9530 ConcurrentGCThread "G1 Refine#0"               [id=26744, stack(0x000000dd6e700000,0x000000dd6e800000) (1024K)]
  0x000001f7430aa0a0 ConcurrentGCThread "G1 Service"                [id=21436, stack(0x000000dd6e800000,0x000000dd6e900000) (1024K)]
Total: 18

Threads with active compile tasks:
C2 CompilerThread1  19730 13484       4       org.jetbrains.kotlin.types.AbstractTypeMapper::mapType (561 bytes)
Total: 1

VM state: not at safepoint (normal execution)

VM Mutex/Monitor currently owned by a thread: None

Heap address: 0x000000008a400000, size: 1884 MB, Compressed Oops mode: 32-bit

CDS archive(s) not mapped
Compressed class space mapped at: 0x0000000100000000-0x0000000140000000, reserved size: 1073741824
Narrow klass base: 0x0000000000000000, Narrow klass shift: 3, Narrow klass range: 0x140000000

GC Precious Log:
 CardTable entry size: 512
 Card Set container configuration: InlinePtr #cards 5 size 8 Array Of Cards #cards 12 size 40 Howl #buckets 4 coarsen threshold 1843 Howl Bitmap #cards 512 size 80 coarsen threshold 460 Card regions per heap region 1 cards per card region 2048
 CPUs: 12 total, 12 available
 Memory: 7531M
 Large Page Support: Disabled
 NUMA Support: Disabled
 Compressed Oops: Enabled (32-bit)
 Heap Region Size: 1M
 Heap Min Capacity: 8M
 Heap Initial Capacity: 118M
 Heap Max Capacity: 1884M
 Pre-touch: Disabled
 Parallel Workers: 10
 Concurrent Workers: 3
 Concurrent Refinement Workers: 10
 Periodic GC: Disabled

Heap:
 garbage-first heap   total 189440K, used 143751K [0x000000008a400000, 0x0000000100000000)
  region size 1024K, 35 young (35840K), 4 survivors (4096K)
 Metaspace       used 87334K, committed 87744K, reserved 1179648K
  class space    used 8983K, committed 9152K, reserved 1048576K

Heap Regions: E=young(eden), S=young(survivor), O=old, HS=humongous(starts), HC=humongous(continues), CS=collection set, F=free, TAMS=top-at-mark-start, PB=parsable bottom
|   0|0x000000008a400000, 0x000000008a500000, 0x000000008a500000|100%|HS|  |TAMS 0x000000008a400000| PB 0x000000008a400000| Complete 
|   1|0x000000008a500000, 0x000000008a600000, 0x000000008a600000|100%|HC|  |TAMS 0x000000008a500000| PB 0x000000008a500000| Complete 
|   2|0x000000008a600000, 0x000000008a700000, 0x000000008a700000|100%|HC|  |TAMS 0x000000008a600000| PB 0x000000008a600000| Complete 
|   3|0x000000008a700000, 0x000000008a800000, 0x000000008a800000|100%| O|  |TAMS 0x000000008a700000| PB 0x000000008a700000| Untracked 
|   4|0x000000008a800000, 0x000000008a900000, 0x000000008a900000|100%|HS|  |TAMS 0x000000008a800000| PB 0x000000008a800000| Complete 
|   5|0x000000008a900000, 0x000000008aa00000, 0x000000008aa00000|100%| O|  |TAMS 0x000000008a900000| PB 0x000000008a900000| Untracked 
|   6|0x000000008aa00000, 0x000000008ab00000, 0x000000008ab00000|100%| O|  |TAMS 0x000000008aa00000| PB 0x000000008aa00000| Untracked 
|   7|0x000000008ab00000, 0x000000008abe1c00, 0x000000008ac00000| 88%| O|  |TAMS 0x000000008ab00000| PB 0x000000008ab00000| Untracked 
|   8|0x000000008ac00000, 0x000000008ad00000, 0x000000008ad00000|100%| O|  |TAMS 0x000000008ac00000| PB 0x000000008ac00000| Untracked 
|   9|0x000000008ad00000, 0x000000008ae00000, 0x000000008ae00000|100%| O|  |TAMS 0x000000008ad00000| PB 0x000000008ad00000| Untracked 
|  10|0x000000008ae00000, 0x000000008af00000, 0x000000008af00000|100%| O|  |TAMS 0x000000008ae00000| PB 0x000000008ae00000| Untracked 
|  11|0x000000008af00000, 0x000000008b000000, 0x000000008b000000|100%| O|  |TAMS 0x000000008af00000| PB 0x000000008af00000| Untracked 
|  12|0x000000008b000000, 0x000000008b100000, 0x000000008b100000|100%| O|  |TAMS 0x000000008b000000| PB 0x000000008b000000| Untracked 
|  13|0x000000008b100000, 0x000000008b200000, 0x000000008b200000|100%| O|  |TAMS 0x000000008b100000| PB 0x000000008b100000| Untracked 
|  14|0x000000008b200000, 0x000000008b300000, 0x000000008b300000|100%| O|  |TAMS 0x000000008b200000| PB 0x000000008b200000| Untracked 
|  15|0x000000008b300000, 0x000000008b400000, 0x000000008b400000|100%| O|  |TAMS 0x000000008b300000| PB 0x000000008b300000| Untracked 
|  16|0x000000008b400000, 0x000000008b500000, 0x000000008b500000|100%| O|  |TAMS 0x000000008b400000| PB 0x000000008b400000| Untracked 
|  17|0x000000008b500000, 0x000000008b600000, 0x000000008b600000|100%| O|  |TAMS 0x000000008b500000| PB 0x000000008b500000| Untracked 
|  18|0x000000008b600000, 0x000000008b700000, 0x000000008b700000|100%| O|  |TAMS 0x000000008b600000| PB 0x000000008b600000| Untracked 
|  19|0x000000008b700000, 0x000000008b800000, 0x000000008b800000|100%| O|  |TAMS 0x000000008b700000| PB 0x000000008b700000| Untracked 
|  20|0x000000008b800000, 0x000000008b900000, 0x000000008b900000|100%| O|  |TAMS 0x000000008b800000| PB 0x000000008b800000| Untracked 
|  21|0x000000008b900000, 0x000000008ba00000, 0x000000008ba00000|100%| O|  |TAMS 0x000000008b900000| PB 0x000000008b900000| Untracked 
|  22|0x000000008ba00000, 0x000000008bb00000, 0x000000008bb00000|100%| O|  |TAMS 0x000000008ba00000| PB 0x000000008ba00000| Untracked 
|  23|0x000000008bb00000, 0x000000008bc00000, 0x000000008bc00000|100%| O|  |TAMS 0x000000008bb00000| PB 0x000000008bb00000| Untracked 
|  24|0x000000008bc00000, 0x000000008bd00000, 0x000000008bd00000|100%| O|  |TAMS 0x000000008bc00000| PB 0x000000008bc00000| Untracked 
|  25|0x000000008bd00000, 0x000000008be00000, 0x000000008be00000|100%| O|  |TAMS 0x000000008bd00000| PB 0x000000008bd00000| Untracked 
|  26|0x000000008be00000, 0x000000008bf00000, 0x000000008bf00000|100%| O|  |TAMS 0x000000008be00000| PB 0x000000008be00000| Untracked 
|  27|0x000000008bf00000, 0x000000008c000000, 0x000000008c000000|100%| O|  |TAMS 0x000000008bf00000| PB 0x000000008bf00000| Untracked 
|  28|0x000000008c000000, 0x000000008c100000, 0x000000008c100000|100%| O|  |TAMS 0x000000008c000000| PB 0x000000008c000000| Untracked 
|  29|0x000000008c100000, 0x000000008c200000, 0x000000008c200000|100%| O|  |TAMS 0x000000008c100000| PB 0x000000008c100000| Untracked 
|  30|0x000000008c200000, 0x000000008c300000, 0x000000008c300000|100%| O|  |TAMS 0x000000008c200000| PB 0x000000008c200000| Untracked 
|  31|0x000000008c300000, 0x000000008c400000, 0x000000008c400000|100%| O|  |TAMS 0x000000008c300000| PB 0x000000008c300000| Untracked 
|  32|0x000000008c400000, 0x000000008c500000, 0x000000008c500000|100%| O|  |TAMS 0x000000008c400000| PB 0x000000008c400000| Untracked 
|  33|0x000000008c500000, 0x000000008c600000, 0x000000008c600000|100%| O|  |TAMS 0x000000008c500000| PB 0x000000008c500000| Untracked 
|  34|0x000000008c600000, 0x000000008c700000, 0x000000008c700000|100%| O|  |TAMS 0x000000008c600000| PB 0x000000008c600000| Untracked 
|  35|0x000000008c700000, 0x000000008c800000, 0x000000008c800000|100%| O|  |TAMS 0x000000008c700000| PB 0x000000008c700000| Untracked 
|  36|0x000000008c800000, 0x000000008c900000, 0x000000008c900000|100%| O|  |TAMS 0x000000008c800000| PB 0x000000008c800000| Untracked 
|  37|0x000000008c900000, 0x000000008ca00000, 0x000000008ca00000|100%| O|  |TAMS 0x000000008c900000| PB 0x000000008c900000| Untracked 
|  38|0x000000008ca00000, 0x000000008cb00000, 0x000000008cb00000|100%| O|  |TAMS 0x000000008ca00000| PB 0x000000008ca00000| Untracked 
|  39|0x000000008cb00000, 0x000000008cc00000, 0x000000008cc00000|100%| O|  |TAMS 0x000000008cb00000| PB 0x000000008cb00000| Untracked 
|  40|0x000000008cc00000, 0x000000008cd00000, 0x000000008cd00000|100%| O|  |TAMS 0x000000008cc00000| PB 0x000000008cc00000| Untracked 
|  41|0x000000008cd00000, 0x000000008ce00000, 0x000000008ce00000|100%| O|  |TAMS 0x000000008cd00000| PB 0x000000008cd00000| Untracked 
|  42|0x000000008ce00000, 0x000000008cf00000, 0x000000008cf00000|100%| O|  |TAMS 0x000000008ce00000| PB 0x000000008ce00000| Untracked 
|  43|0x000000008cf00000, 0x000000008d000000, 0x000000008d000000|100%| O|  |TAMS 0x000000008cf00000| PB 0x000000008cf00000| Untracked 
|  44|0x000000008d000000, 0x000000008d100000, 0x000000008d100000|100%| O|  |TAMS 0x000000008d000000| PB 0x000000008d000000| Untracked 
|  45|0x000000008d100000, 0x000000008d200000, 0x000000008d200000|100%| O|  |TAMS 0x000000008d100000| PB 0x000000008d100000| Untracked 
|  46|0x000000008d200000, 0x000000008d300000, 0x000000008d300000|100%| O|Cm|TAMS 0x000000008d200000| PB 0x000000008d200000| Complete 
|  47|0x000000008d300000, 0x000000008d400000, 0x000000008d400000|100%| O|  |TAMS 0x000000008d300000| PB 0x000000008d300000| Untracked 
|  48|0x000000008d400000, 0x000000008d500000, 0x000000008d500000|100%| O|  |TAMS 0x000000008d400000| PB 0x000000008d400000| Untracked 
|  49|0x000000008d500000, 0x000000008d600000, 0x000000008d600000|100%| O|  |TAMS 0x000000008d500000| PB 0x000000008d500000| Untracked 
|  50|0x000000008d600000, 0x000000008d700000, 0x000000008d700000|100%| O|  |TAMS 0x000000008d600000| PB 0x000000008d600000| Untracked 
|  51|0x000000008d700000, 0x000000008d800000, 0x000000008d800000|100%| O|  |TAMS 0x000000008d700000| PB 0x000000008d700000| Untracked 
|  52|0x000000008d800000, 0x000000008d900000, 0x000000008d900000|100%| O|  |TAMS 0x000000008d800000| PB 0x000000008d800000| Untracked 
|  53|0x000000008d900000, 0x000000008da00000, 0x000000008da00000|100%| O|  |TAMS 0x000000008d900000| PB 0x000000008d900000| Untracked 
|  54|0x000000008da00000, 0x000000008db00000, 0x000000008db00000|100%| O|  |TAMS 0x000000008da00000| PB 0x000000008da00000| Untracked 
|  55|0x000000008db00000, 0x000000008dc00000, 0x000000008dc00000|100%| O|  |TAMS 0x000000008db00000| PB 0x000000008db00000| Untracked 
|  56|0x000000008dc00000, 0x000000008dd00000, 0x000000008dd00000|100%| O|  |TAMS 0x000000008dc00000| PB 0x000000008dc00000| Untracked 
|  57|0x000000008dd00000, 0x000000008de00000, 0x000000008de00000|100%| O|  |TAMS 0x000000008dd00000| PB 0x000000008dd00000| Untracked 
|  58|0x000000008de00000, 0x000000008df00000, 0x000000008df00000|100%| O|  |TAMS 0x000000008de00000| PB 0x000000008de00000| Untracked 
|  59|0x000000008df00000, 0x000000008e000000, 0x000000008e000000|100%| O|  |TAMS 0x000000008df00000| PB 0x000000008df00000| Untracked 
|  60|0x000000008e000000, 0x000000008e100000, 0x000000008e100000|100%| O|  |TAMS 0x000000008e000000| PB 0x000000008e000000| Untracked 
|  61|0x000000008e100000, 0x000000008e200000, 0x000000008e200000|100%| O|  |TAMS 0x000000008e100000| PB 0x000000008e100000| Untracked 
|  62|0x000000008e200000, 0x000000008e300000, 0x000000008e300000|100%| O|  |TAMS 0x000000008e200000| PB 0x000000008e200000| Untracked 
|  63|0x000000008e300000, 0x000000008e400000, 0x000000008e400000|100%| O|  |TAMS 0x000000008e300000| PB 0x000000008e300000| Untracked 
|  64|0x000000008e400000, 0x000000008e500000, 0x000000008e500000|100%| O|  |TAMS 0x000000008e400000| PB 0x000000008e400000| Untracked 
|  65|0x000000008e500000, 0x000000008e600000, 0x000000008e600000|100%| O|  |TAMS 0x000000008e500000| PB 0x000000008e500000| Untracked 
|  66|0x000000008e600000, 0x000000008e700000, 0x000000008e700000|100%| O|  |TAMS 0x000000008e600000| PB 0x000000008e600000| Untracked 
|  67|0x000000008e700000, 0x000000008e800000, 0x000000008e800000|100%| O|  |TAMS 0x000000008e700000| PB 0x000000008e700000| Untracked 
|  68|0x000000008e800000, 0x000000008e900000, 0x000000008e900000|100%| O|  |TAMS 0x000000008e800000| PB 0x000000008e800000| Untracked 
|  69|0x000000008e900000, 0x000000008ea00000, 0x000000008ea00000|100%| O|  |TAMS 0x000000008e900000| PB 0x000000008e900000| Untracked 
|  70|0x000000008ea00000, 0x000000008eb00000, 0x000000008eb00000|100%| O|  |TAMS 0x000000008ea00000| PB 0x000000008ea00000| Untracked 
|  71|0x000000008eb00000, 0x000000008ec00000, 0x000000008ec00000|100%| O|  |TAMS 0x000000008eb00000| PB 0x000000008eb00000| Untracked 
|  72|0x000000008ec00000, 0x000000008ed00000, 0x000000008ed00000|100%| O|  |TAMS 0x000000008ec00000| PB 0x000000008ec00000| Untracked 
|  73|0x000000008ed00000, 0x000000008ee00000, 0x000000008ee00000|100%| O|  |TAMS 0x000000008ed00000| PB 0x000000008ed00000| Untracked 
|  74|0x000000008ee00000, 0x000000008ef00000, 0x000000008ef00000|100%| O|  |TAMS 0x000000008ee00000| PB 0x000000008ee00000| Untracked 
|  75|0x000000008ef00000, 0x000000008f000000, 0x000000008f000000|100%| O|  |TAMS 0x000000008ef00000| PB 0x000000008ef00000| Untracked 
|  76|0x000000008f000000, 0x000000008f100000, 0x000000008f100000|100%| O|  |TAMS 0x000000008f000000| PB 0x000000008f000000| Untracked 
|  77|0x000000008f100000, 0x000000008f200000, 0x000000008f200000|100%| O|  |TAMS 0x000000008f100000| PB 0x000000008f100000| Untracked 
|  78|0x000000008f200000, 0x000000008f300000, 0x000000008f300000|100%| O|  |TAMS 0x000000008f200000| PB 0x000000008f200000| Untracked 
|  79|0x000000008f300000, 0x000000008f400000, 0x000000008f400000|100%| O|  |TAMS 0x000000008f300000| PB 0x000000008f300000| Untracked 
|  80|0x000000008f400000, 0x000000008f500000, 0x000000008f500000|100%| O|  |TAMS 0x000000008f400000| PB 0x000000008f400000| Untracked 
|  81|0x000000008f500000, 0x000000008f600000, 0x000000008f600000|100%| O|  |TAMS 0x000000008f500000| PB 0x000000008f500000| Untracked 
|  82|0x000000008f600000, 0x000000008f700000, 0x000000008f700000|100%| O|  |TAMS 0x000000008f600000| PB 0x000000008f600000| Untracked 
|  83|0x000000008f700000, 0x000000008f800000, 0x000000008f800000|100%| O|  |TAMS 0x000000008f700000| PB 0x000000008f700000| Untracked 
|  84|0x000000008f800000, 0x000000008f900000, 0x000000008f900000|100%| O|  |TAMS 0x000000008f800000| PB 0x000000008f800000| Untracked 
|  85|0x000000008f900000, 0x000000008fa00000, 0x000000008fa00000|100%| O|  |TAMS 0x000000008f900000| PB 0x000000008f900000| Untracked 
|  86|0x000000008fa00000, 0x000000008fb00000, 0x000000008fb00000|100%| O|  |TAMS 0x000000008fa00000| PB 0x000000008fa00000| Untracked 
|  87|0x000000008fb00000, 0x000000008fc00000, 0x000000008fc00000|100%| O|  |TAMS 0x000000008fb00000| PB 0x000000008fb00000| Untracked 
|  88|0x000000008fc00000, 0x000000008fd00000, 0x000000008fd00000|100%| O|Cm|TAMS 0x000000008fc00000| PB 0x000000008fc00000| Complete 
|  89|0x000000008fd00000, 0x000000008fe00000, 0x000000008fe00000|100%| O|  |TAMS 0x000000008fd00000| PB 0x000000008fd00000| Untracked 
|  90|0x000000008fe00000, 0x000000008ff00000, 0x000000008ff00000|100%| O|  |TAMS 0x000000008fe00000| PB 0x000000008fe00000| Untracked 
|  91|0x000000008ff00000, 0x0000000090000000, 0x0000000090000000|100%| O|  |TAMS 0x000000008ff00000| PB 0x000000008ff00000| Untracked 
|  92|0x0000000090000000, 0x0000000090100000, 0x0000000090100000|100%| O|  |TAMS 0x0000000090000000| PB 0x0000000090000000| Untracked 
|  93|0x0000000090100000, 0x0000000090200000, 0x0000000090200000|100%| O|  |TAMS 0x0000000090100000| PB 0x0000000090100000| Untracked 
|  94|0x0000000090200000, 0x0000000090300000, 0x0000000090300000|100%| O|  |TAMS 0x0000000090200000| PB 0x0000000090200000| Untracked 
|  95|0x0000000090300000, 0x0000000090400000, 0x0000000090400000|100%| O|  |TAMS 0x0000000090300000| PB 0x0000000090300000| Untracked 
|  96|0x0000000090400000, 0x0000000090500000, 0x0000000090500000|100%| O|  |TAMS 0x0000000090400000| PB 0x0000000090400000| Untracked 
|  97|0x0000000090500000, 0x0000000090600000, 0x0000000090600000|100%| O|Cm|TAMS 0x0000000090500000| PB 0x0000000090500000| Complete 
|  98|0x0000000090600000, 0x0000000090700000, 0x0000000090700000|100%| O|  |TAMS 0x0000000090600000| PB 0x0000000090600000| Untracked 
|  99|0x0000000090700000, 0x0000000090800000, 0x0000000090800000|100%| O|  |TAMS 0x0000000090700000| PB 0x0000000090700000| Untracked 
| 100|0x0000000090800000, 0x0000000090900000, 0x0000000090900000|100%| O|  |TAMS 0x0000000090800000| PB 0x0000000090800000| Untracked 
| 101|0x0000000090900000, 0x0000000090a00000, 0x0000000090a00000|100%| O|  |TAMS 0x0000000090900000| PB 0x0000000090900000| Untracked 
| 102|0x0000000090a00000, 0x0000000090b00000, 0x0000000090b00000|100%| O|  |TAMS 0x0000000090a00000| PB 0x0000000090a00000| Untracked 
| 103|0x0000000090b00000, 0x0000000090b80000, 0x0000000090c00000| 50%| O|  |TAMS 0x0000000090b00000| PB 0x0000000090b00000| Untracked 
| 104|0x0000000090c00000, 0x0000000090c00000, 0x0000000090d00000|  0%| F|  |TAMS 0x0000000090c00000| PB 0x0000000090c00000| Untracked 
| 105|0x0000000090d00000, 0x0000000090d00000, 0x0000000090e00000|  0%| F|  |TAMS 0x0000000090d00000| PB 0x0000000090d00000| Untracked 
| 106|0x0000000090e00000, 0x0000000090e00000, 0x0000000090f00000|  0%| F|  |TAMS 0x0000000090e00000| PB 0x0000000090e00000| Untracked 
| 107|0x0000000090f00000, 0x0000000090f00000, 0x0000000091000000|  0%| F|  |TAMS 0x0000000090f00000| PB 0x0000000090f00000| Untracked 
| 108|0x0000000091000000, 0x0000000091000000, 0x0000000091100000|  0%| F|  |TAMS 0x0000000091000000| PB 0x0000000091000000| Untracked 
| 109|0x0000000091100000, 0x0000000091100000, 0x0000000091200000|  0%| F|  |TAMS 0x0000000091100000| PB 0x0000000091100000| Untracked 
| 110|0x0000000091200000, 0x0000000091200000, 0x0000000091300000|  0%| F|  |TAMS 0x0000000091200000| PB 0x0000000091200000| Untracked 
| 111|0x0000000091300000, 0x0000000091300000, 0x0000000091400000|  0%| F|  |TAMS 0x0000000091300000| PB 0x0000000091300000| Untracked 
| 112|0x0000000091400000, 0x0000000091400000, 0x0000000091500000|  0%| F|  |TAMS 0x0000000091400000| PB 0x0000000091400000| Untracked 
| 113|0x0000000091500000, 0x0000000091500000, 0x0000000091600000|  0%| F|  |TAMS 0x0000000091500000| PB 0x0000000091500000| Untracked 
| 114|0x0000000091600000, 0x0000000091600000, 0x0000000091700000|  0%| F|  |TAMS 0x0000000091600000| PB 0x0000000091600000| Untracked 
| 115|0x0000000091700000, 0x0000000091700000, 0x0000000091800000|  0%| F|  |TAMS 0x0000000091700000| PB 0x0000000091700000| Untracked 
| 116|0x0000000091800000, 0x0000000091800000, 0x0000000091900000|  0%| F|  |TAMS 0x0000000091800000| PB 0x0000000091800000| Untracked 
| 117|0x0000000091900000, 0x0000000091900000, 0x0000000091a00000|  0%| F|  |TAMS 0x0000000091900000| PB 0x0000000091900000| Untracked 
| 118|0x0000000091a00000, 0x0000000091b00000, 0x0000000091b00000|100%| S|CS|TAMS 0x0000000091a00000| PB 0x0000000091a00000| Complete 
| 119|0x0000000091b00000, 0x0000000091c00000, 0x0000000091c00000|100%| S|CS|TAMS 0x0000000091b00000| PB 0x0000000091b00000| Complete 
| 120|0x0000000091c00000, 0x0000000091d00000, 0x0000000091d00000|100%| S|CS|TAMS 0x0000000091c00000| PB 0x0000000091c00000| Complete 
| 121|0x0000000091d00000, 0x0000000091e00000, 0x0000000091e00000|100%| S|CS|TAMS 0x0000000091d00000| PB 0x0000000091d00000| Complete 
| 122|0x0000000091e00000, 0x0000000091e00000, 0x0000000091f00000|  0%| F|  |TAMS 0x0000000091e00000| PB 0x0000000091e00000| Untracked 
| 123|0x0000000091f00000, 0x0000000091f00000, 0x0000000092000000|  0%| F|  |TAMS 0x0000000091f00000| PB 0x0000000091f00000| Untracked 
| 124|0x0000000092000000, 0x0000000092000000, 0x0000000092100000|  0%| F|  |TAMS 0x0000000092000000| PB 0x0000000092000000| Untracked 
| 125|0x0000000092100000, 0x0000000092100000, 0x0000000092200000|  0%| F|  |TAMS 0x0000000092100000| PB 0x0000000092100000| Untracked 
| 126|0x0000000092200000, 0x0000000092200000, 0x0000000092300000|  0%| F|  |TAMS 0x0000000092200000| PB 0x0000000092200000| Untracked 
| 127|0x0000000092300000, 0x0000000092300000, 0x0000000092400000|  0%| F|  |TAMS 0x0000000092300000| PB 0x0000000092300000| Untracked 
| 128|0x0000000092400000, 0x0000000092400000, 0x0000000092500000|  0%| F|  |TAMS 0x0000000092400000| PB 0x0000000092400000| Untracked 
| 129|0x0000000092500000, 0x0000000092500000, 0x0000000092600000|  0%| F|  |TAMS 0x0000000092500000| PB 0x0000000092500000| Untracked 
| 130|0x0000000092600000, 0x0000000092600000, 0x0000000092700000|  0%| F|  |TAMS 0x0000000092600000| PB 0x0000000092600000| Untracked 
| 131|0x0000000092700000, 0x0000000092700000, 0x0000000092800000|  0%| F|  |TAMS 0x0000000092700000| PB 0x0000000092700000| Untracked 
| 132|0x0000000092800000, 0x0000000092800000, 0x0000000092900000|  0%| F|  |TAMS 0x0000000092800000| PB 0x0000000092800000| Untracked 
| 133|0x0000000092900000, 0x0000000092900000, 0x0000000092a00000|  0%| F|  |TAMS 0x0000000092900000| PB 0x0000000092900000| Untracked 
| 134|0x0000000092a00000, 0x0000000092a00000, 0x0000000092b00000|  0%| F|  |TAMS 0x0000000092a00000| PB 0x0000000092a00000| Untracked 
| 135|0x0000000092b00000, 0x0000000092b00000, 0x0000000092c00000|  0%| F|  |TAMS 0x0000000092b00000| PB 0x0000000092b00000| Untracked 
| 136|0x0000000092c00000, 0x0000000092c00000, 0x0000000092d00000|  0%| F|  |TAMS 0x0000000092c00000| PB 0x0000000092c00000| Untracked 
| 137|0x0000000092d00000, 0x0000000092d00000, 0x0000000092e00000|  0%| F|  |TAMS 0x0000000092d00000| PB 0x0000000092d00000| Untracked 
| 138|0x0000000092e00000, 0x0000000092e00000, 0x0000000092f00000|  0%| F|  |TAMS 0x0000000092e00000| PB 0x0000000092e00000| Untracked 
| 139|0x0000000092f00000, 0x0000000092f00000, 0x0000000093000000|  0%| F|  |TAMS 0x0000000092f00000| PB 0x0000000092f00000| Untracked 
| 140|0x0000000093000000, 0x0000000093000000, 0x0000000093100000|  0%| F|  |TAMS 0x0000000093000000| PB 0x0000000093000000| Untracked 
| 141|0x0000000093100000, 0x0000000093100000, 0x0000000093200000|  0%| F|  |TAMS 0x0000000093100000| PB 0x0000000093100000| Untracked 
| 142|0x0000000093200000, 0x0000000093200000, 0x0000000093300000|  0%| F|  |TAMS 0x0000000093200000| PB 0x0000000093200000| Untracked 
| 143|0x0000000093300000, 0x0000000093300000, 0x0000000093400000|  0%| F|  |TAMS 0x0000000093300000| PB 0x0000000093300000| Untracked 
| 144|0x0000000093400000, 0x0000000093400000, 0x0000000093500000|  0%| F|  |TAMS 0x0000000093400000| PB 0x0000000093400000| Untracked 
| 145|0x0000000093500000, 0x0000000093500000, 0x0000000093600000|  0%| F|  |TAMS 0x0000000093500000| PB 0x0000000093500000| Untracked 
| 146|0x0000000093600000, 0x0000000093600000, 0x0000000093700000|  0%| F|  |TAMS 0x0000000093600000| PB 0x0000000093600000| Untracked 
| 147|0x0000000093700000, 0x0000000093700000, 0x0000000093800000|  0%| F|  |TAMS 0x0000000093700000| PB 0x0000000093700000| Untracked 
| 148|0x0000000093800000, 0x0000000093800000, 0x0000000093900000|  0%| F|  |TAMS 0x0000000093800000| PB 0x0000000093800000| Untracked 
| 149|0x0000000093900000, 0x0000000093900000, 0x0000000093a00000|  0%| F|  |TAMS 0x0000000093900000| PB 0x0000000093900000| Untracked 
| 150|0x0000000093a00000, 0x0000000093a00000, 0x0000000093b00000|  0%| F|  |TAMS 0x0000000093a00000| PB 0x0000000093a00000| Untracked 
| 151|0x0000000093b00000, 0x0000000093c00000, 0x0000000093c00000|100%| E|  |TAMS 0x0000000093b00000| PB 0x0000000093b00000| Complete 
| 152|0x0000000093c00000, 0x0000000093d00000, 0x0000000093d00000|100%| E|CS|TAMS 0x0000000093c00000| PB 0x0000000093c00000| Complete 
| 153|0x0000000093d00000, 0x0000000093e00000, 0x0000000093e00000|100%| E|CS|TAMS 0x0000000093d00000| PB 0x0000000093d00000| Complete 
| 154|0x0000000093e00000, 0x0000000093f00000, 0x0000000093f00000|100%| E|CS|TAMS 0x0000000093e00000| PB 0x0000000093e00000| Complete 
| 155|0x0000000093f00000, 0x0000000094000000, 0x0000000094000000|100%| E|CS|TAMS 0x0000000093f00000| PB 0x0000000093f00000| Complete 
| 156|0x0000000094000000, 0x0000000094100000, 0x0000000094100000|100%| E|CS|TAMS 0x0000000094000000| PB 0x0000000094000000| Complete 
| 157|0x0000000094100000, 0x0000000094200000, 0x0000000094200000|100%| E|CS|TAMS 0x0000000094100000| PB 0x0000000094100000| Complete 
| 158|0x0000000094200000, 0x0000000094300000, 0x0000000094300000|100%| E|CS|TAMS 0x0000000094200000| PB 0x0000000094200000| Complete 
| 159|0x0000000094300000, 0x0000000094400000, 0x0000000094400000|100%| E|CS|TAMS 0x0000000094300000| PB 0x0000000094300000| Complete 
| 160|0x0000000094400000, 0x0000000094500000, 0x0000000094500000|100%| E|CS|TAMS 0x0000000094400000| PB 0x0000000094400000| Complete 
| 161|0x0000000094500000, 0x0000000094600000, 0x0000000094600000|100%| E|CS|TAMS 0x0000000094500000| PB 0x0000000094500000| Complete 
| 162|0x0000000094600000, 0x0000000094700000, 0x0000000094700000|100%| E|CS|TAMS 0x0000000094600000| PB 0x0000000094600000| Complete 
| 163|0x0000000094700000, 0x0000000094800000, 0x0000000094800000|100%| E|CS|TAMS 0x0000000094700000| PB 0x0000000094700000| Complete 
| 164|0x0000000094800000, 0x0000000094900000, 0x0000000094900000|100%| E|CS|TAMS 0x0000000094800000| PB 0x0000000094800000| Complete 
| 165|0x0000000094900000, 0x0000000094a00000, 0x0000000094a00000|100%| E|CS|TAMS 0x0000000094900000| PB 0x0000000094900000| Complete 
| 166|0x0000000094a00000, 0x0000000094b00000, 0x0000000094b00000|100%| E|CS|TAMS 0x0000000094a00000| PB 0x0000000094a00000| Complete 
| 167|0x0000000094b00000, 0x0000000094c00000, 0x0000000094c00000|100%| E|CS|TAMS 0x0000000094b00000| PB 0x0000000094b00000| Complete 
| 168|0x0000000094c00000, 0x0000000094d00000, 0x0000000094d00000|100%| E|CS|TAMS 0x0000000094c00000| PB 0x0000000094c00000| Complete 
| 169|0x0000000094d00000, 0x0000000094e00000, 0x0000000094e00000|100%| E|CS|TAMS 0x0000000094d00000| PB 0x0000000094d00000| Complete 
| 170|0x0000000094e00000, 0x0000000094f00000, 0x0000000094f00000|100%| E|CS|TAMS 0x0000000094e00000| PB 0x0000000094e00000| Complete 
| 171|0x0000000094f00000, 0x0000000095000000, 0x0000000095000000|100%| E|CS|TAMS 0x0000000094f00000| PB 0x0000000094f00000| Complete 
| 172|0x0000000095000000, 0x0000000095100000, 0x0000000095100000|100%| E|CS|TAMS 0x0000000095000000| PB 0x0000000095000000| Complete 
| 173|0x0000000095100000, 0x0000000095200000, 0x0000000095200000|100%| E|CS|TAMS 0x0000000095100000| PB 0x0000000095100000| Complete 
| 174|0x0000000095200000, 0x0000000095300000, 0x0000000095300000|100%| E|CS|TAMS 0x0000000095200000| PB 0x0000000095200000| Complete 
| 175|0x0000000095300000, 0x0000000095400000, 0x0000000095400000|100%| E|CS|TAMS 0x0000000095300000| PB 0x0000000095300000| Complete 
| 176|0x0000000095400000, 0x0000000095500000, 0x0000000095500000|100%| E|CS|TAMS 0x0000000095400000| PB 0x0000000095400000| Complete 
| 177|0x0000000095500000, 0x0000000095600000, 0x0000000095600000|100%| E|CS|TAMS 0x0000000095500000| PB 0x0000000095500000| Complete 
| 178|0x0000000095600000, 0x0000000095700000, 0x0000000095700000|100%| E|CS|TAMS 0x0000000095600000| PB 0x0000000095600000| Complete 
| 179|0x0000000095700000, 0x0000000095800000, 0x0000000095800000|100%| E|CS|TAMS 0x0000000095700000| PB 0x0000000095700000| Complete 
| 180|0x0000000095800000, 0x0000000095900000, 0x0000000095900000|100%| E|CS|TAMS 0x0000000095800000| PB 0x0000000095800000| Complete 
| 181|0x0000000095900000, 0x0000000095a00000, 0x0000000095a00000|100%| E|CS|TAMS 0x0000000095900000| PB 0x0000000095900000| Complete 
|1881|0x00000000ffd00000, 0x00000000ffe00000, 0x00000000ffe00000|100%| O|  |TAMS 0x00000000ffd00000| PB 0x00000000ffd00000| Untracked 
|1882|0x00000000ffe00000, 0x00000000fff00000, 0x00000000fff00000|100%| O|  |TAMS 0x00000000ffe00000| PB 0x00000000ffe00000| Untracked 
|1883|0x00000000fff00000, 0x0000000100000000, 0x0000000100000000|100%| O|  |TAMS 0x00000000fff00000| PB 0x00000000fff00000| Untracked 

Card table byte_map: [0x000001f73e490000,0x000001f73e840000] _byte_map_base: 0x000001f73e03e000

Marking Bits: (CMBitMap*) 0x000001f72ba8c760
 Bits: [0x000001f73e840000, 0x000001f7405b0000)

Polling page: 0x000001f729860000

Metaspace:

Usage:
  Non-class:     76.56 MB used.
      Class:      8.78 MB used.
       Both:     85.34 MB used.

Virtual space:
  Non-class space:      128.00 MB reserved,      76.81 MB ( 60%) committed,  2 nodes.
      Class space:        1.00 GB reserved,       8.94 MB ( <1%) committed,  1 nodes.
             Both:        1.12 GB reserved,      85.75 MB (  7%) committed. 

Chunk freelists:
   Non-Class:  2.48 MB
       Class:  7.08 MB
        Both:  9.56 MB

MaxMetaspaceSize: unlimited
CompressedClassSpaceSize: 1.00 GB
Initial GC threshold: 21.00 MB
Current GC threshold: 133.75 MB
CDS: off
 - commit_granule_bytes: 65536.
 - commit_granule_words: 8192.
 - virtual_space_node_default_size: 8388608.
 - enlarge_chunks_in_place: 1.
 - use_allocation_guard: 0.


Internal statistics:

num_allocs_failed_limit: 6.
num_arena_births: 442.
num_arena_deaths: 0.
num_vsnodes_births: 3.
num_vsnodes_deaths: 0.
num_space_committed: 1372.
num_space_uncommitted: 0.
num_chunks_returned_to_freelist: 6.
num_chunks_taken_from_freelist: 3282.
num_chunk_merges: 6.
num_chunk_splits: 2670.
num_chunks_enlarged: 2377.
num_inconsistent_stats: 0.

CodeHeap 'non-profiled nmethods': size=120000Kb used=6784Kb max_used=6914Kb free=113215Kb
 bounds [0x000001f736660000, 0x000001f736d30000, 0x000001f73db90000]
CodeHeap 'profiled nmethods': size=120000Kb used=42612Kb max_used=42612Kb free=77387Kb
 bounds [0x000001f72eb90000, 0x000001f731530000, 0x000001f7360c0000]
CodeHeap 'non-nmethods': size=5760Kb used=1840Kb max_used=1866Kb free=3920Kb
 bounds [0x000001f7360c0000, 0x000001f736330000, 0x000001f736660000]
 total_blobs=13099 nmethods=12267 adapters=731
 compilation: enabled
              stopped_count=0, restarted_count=0
 full_count=0

Compilation events (20 events):
Event: 18.640 Thread 0x000001f74341e4c0 nmethod 13617 0x000001f7368c6c10 code [0x000001f7368c6da0, 0x000001f7368c6e30]
Event: 18.640 Thread 0x000001f74341e4c0 13605       4       org.jetbrains.kotlin.ir.util.IrUtilsKt::computeFqNameString (103 bytes)
Event: 18.647 Thread 0x000001f74342c410 

Event: 18.647 Thread 0x000001f74342c410 13623       3       org.jetbrains.kotlin.com.intellij.util.containers.Stack::<init> (5 bytes)
Event: 18.647 Thread 0x000001f74342c410 nmethod 13623 0x000001f731514a90 code [0x000001f731514c60, 0x000001f731514f58]
Event: 18.647 Thread 0x000001f74342c410 13622       1       org.jetbrains.kotlin.codegen.state.GenerationState::getConfiguration (5 bytes)
Event: 18.647 Thread 0x000001f74342c410 nmethod 13622 0x000001f7368c6910 code [0x000001f7368c6aa0, 0x000001f7368c6b68]
Event: 18.654 Thread 0x000001f74342c410 13624       3       org.jetbrains.org.objectweb.asm.commons.InstructionAdapter::load (15 bytes)
Event: 18.654 Thread 0x000001f74342c410 nmethod 13624 0x000001f731515090 code [0x000001f731515260, 0x000001f731515490]
Event: 18.667 Thread 0x000001f74341e4c0 nmethod 13605 0x000001f7369c0e10 code [0x000001f7369c1100, 0x000001f7369c28e0]
Event: 18.667 Thread 0x000001f74341e4c0 13490       4       org.jetbrains.kotlin.codegen.inline.InlineCodegenUtilsKt::isSuspendMarker (47 bytes)
Event: 18.669 Thread 0x000001f74341e4c0 nmethod 13490 0x000001f7369c0910 code [0x000001f7369c0aa0, 0x000001f7369c0c90]
Event: 18.669 Thread 0x000001f74341e4c0 13595       4       org.jetbrains.org.objectweb.asm.tree.InsnList::get (42 bytes)
Event: 18.671 Thread 0x000001f74341e4c0 nmethod 13595 0x000001f7369c0390 code [0x000001f7369c0540, 0x000001f7369c0780]
Event: 18.680 Thread 0x000001f74342c410 13628       3       org.jetbrains.kotlin.codegen.inline.SMAPParser$SMAPTokenizer::advance (121 bytes)
Event: 18.682 Thread 0x000001f74342c410 nmethod 13628 0x000001f731515590 code [0x000001f731515860, 0x000001f7315166e0]
Event: 18.682 Thread 0x000001f74342c410 13630       1       org.jetbrains.kotlin.codegen.inline.RangeMapping::getDest (5 bytes)
Event: 18.682 Thread 0x000001f74342c410 nmethod 13630 0x000001f7369c0090 code [0x000001f7369c0220, 0x000001f7369c02e8]
Event: 18.682 Thread 0x000001f74342c410 13629       3       java.util.Arrays$ArrayList::get (7 bytes)
Event: 18.682 Thread 0x000001f74342c410 nmethod 13629 0x000001f731516c90 code [0x000001f731516e40, 0x000001f731516f78]

GC Heap History (20 events):
Event: 6.503 GC heap before
{Heap before GC invocations=18 (full 0):
 garbage-first heap   total 76800K, used 53570K [0x000000008a400000, 0x0000000100000000)
  region size 1024K, 10 young (10240K), 2 survivors (2048K)
 Metaspace       used 49769K, committed 50048K, reserved 1114112K
  class space    used 5668K, committed 5824K, reserved 1048576K
}
Event: 6.514 GC heap after
{Heap after GC invocations=19 (full 0):
 garbage-first heap   total 76800K, used 48488K [0x000000008a400000, 0x0000000100000000)
  region size 1024K, 2 young (2048K), 2 survivors (2048K)
 Metaspace       used 49769K, committed 50048K, reserved 1114112K
  class space    used 5668K, committed 5824K, reserved 1048576K
}
Event: 6.981 GC heap before
{Heap before GC invocations=19 (full 0):
 garbage-first heap   total 76800K, used 61800K [0x000000008a400000, 0x0000000100000000)
  region size 1024K, 16 young (16384K), 2 survivors (2048K)
 Metaspace       used 51014K, committed 51328K, reserved 1114112K
  class space    used 5822K, committed 5952K, reserved 1048576K
}
Event: 6.995 GC heap after
{Heap after GC invocations=20 (full 0):
 garbage-first heap   total 76800K, used 50392K [0x000000008a400000, 0x0000000100000000)
  region size 1024K, 2 young (2048K), 2 survivors (2048K)
 Metaspace       used 51014K, committed 51328K, reserved 1114112K
  class space    used 5822K, committed 5952K, reserved 1048576K
}
Event: 7.567 GC heap before
{Heap before GC invocations=20 (full 0):
 garbage-first heap   total 76800K, used 63704K [0x000000008a400000, 0x0000000100000000)
  region size 1024K, 16 young (16384K), 2 survivors (2048K)
 Metaspace       used 53755K, committed 54016K, reserved 1114112K
  class space    used 6128K, committed 6272K, reserved 1048576K
}
Event: 7.581 GC heap after
{Heap after GC invocations=21 (full 0):
 garbage-first heap   total 165888K, used 52282K [0x000000008a400000, 0x0000000100000000)
  region size 1024K, 2 young (2048K), 2 survivors (2048K)
 Metaspace       used 53755K, committed 54016K, reserved 1114112K
  class space    used 6128K, committed 6272K, reserved 1048576K
}
Event: 9.897 GC heap before
{Heap before GC invocations=22 (full 0):
 garbage-first heap   total 165888K, used 118842K [0x000000008a400000, 0x0000000100000000)
  region size 1024K, 67 young (68608K), 2 survivors (2048K)
 Metaspace       used 56359K, committed 56768K, reserved 1114112K
  class space    used 6344K, committed 6528K, reserved 1048576K
}
Event: 9.918 GC heap after
{Heap after GC invocations=23 (full 0):
 garbage-first heap   total 165888K, used 63545K [0x000000008a400000, 0x0000000100000000)
  region size 1024K, 9 young (9216K), 9 survivors (9216K)
 Metaspace       used 56359K, committed 56768K, reserved 1114112K
  class space    used 6344K, committed 6528K, reserved 1048576K
}
Event: 11.753 GC heap before
{Heap before GC invocations=23 (full 0):
 garbage-first heap   total 165888K, used 122937K [0x000000008a400000, 0x0000000100000000)
  region size 1024K, 67 young (68608K), 9 survivors (9216K)
 Metaspace       used 60033K, committed 60352K, reserved 1114112K
  class space    used 6658K, committed 6784K, reserved 1048576K
}
Event: 11.773 GC heap after
{Heap after GC invocations=24 (full 0):
 garbage-first heap   total 165888K, used 73380K [0x000000008a400000, 0x0000000100000000)
  region size 1024K, 9 young (9216K), 9 survivors (9216K)
 Metaspace       used 60033K, committed 60352K, reserved 1114112K
  class space    used 6658K, committed 6784K, reserved 1048576K
}
Event: 12.769 GC heap before
{Heap before GC invocations=24 (full 0):
 garbage-first heap   total 165888K, used 128676K [0x000000008a400000, 0x0000000100000000)
  region size 1024K, 63 young (64512K), 9 survivors (9216K)
 Metaspace       used 61449K, committed 61824K, reserved 1114112K
  class space    used 6731K, committed 6912K, reserved 1048576K
}
Event: 12.797 GC heap after
{Heap after GC invocations=25 (full 0):
 garbage-first heap   total 165888K, used 85895K [0x000000008a400000, 0x0000000100000000)
  region size 1024K, 8 young (8192K), 8 survivors (8192K)
 Metaspace       used 61449K, committed 61824K, reserved 1114112K
  class space    used 6731K, committed 6912K, reserved 1048576K
}
Event: 13.926 GC heap before
{Heap before GC invocations=25 (full 0):
 garbage-first heap   total 165888K, used 136071K [0x000000008a400000, 0x0000000100000000)
  region size 1024K, 57 young (58368K), 8 survivors (8192K)
 Metaspace       used 68464K, committed 68864K, reserved 1114112K
  class space    used 7376K, committed 7552K, reserved 1048576K
}
Event: 13.953 GC heap after
{Heap after GC invocations=26 (full 0):
 garbage-first heap   total 165888K, used 93575K [0x000000008a400000, 0x0000000100000000)
  region size 1024K, 7 young (7168K), 7 survivors (7168K)
 Metaspace       used 68464K, committed 68864K, reserved 1114112K
  class space    used 7376K, committed 7552K, reserved 1048576K
}
Event: 15.017 GC heap before
{Heap before GC invocations=27 (full 0):
 garbage-first heap   total 165888K, used 140679K [0x000000008a400000, 0x0000000100000000)
  region size 1024K, 53 young (54272K), 7 survivors (7168K)
 Metaspace       used 72617K, committed 72960K, reserved 1114112K
  class space    used 7732K, committed 7872K, reserved 1048576K
}
Event: 15.049 GC heap after
{Heap after GC invocations=28 (full 0):
 garbage-first heap   total 165888K, used 100743K [0x000000008a400000, 0x0000000100000000)
  region size 1024K, 7 young (7168K), 7 survivors (7168K)
 Metaspace       used 72617K, committed 72960K, reserved 1114112K
  class space    used 7732K, committed 7872K, reserved 1048576K
}
Event: 16.106 GC heap before
{Heap before GC invocations=28 (full 0):
 garbage-first heap   total 165888K, used 143751K [0x000000008a400000, 0x0000000100000000)
  region size 1024K, 49 young (50176K), 7 survivors (7168K)
 Metaspace       used 74378K, committed 74688K, reserved 1179648K
  class space    used 7885K, committed 8000K, reserved 1048576K
}
Event: 16.139 GC heap after
{Heap after GC invocations=29 (full 0):
 garbage-first heap   total 165888K, used 108423K [0x000000008a400000, 0x0000000100000000)
  region size 1024K, 7 young (7168K), 7 survivors (7168K)
 Metaspace       used 74378K, committed 74688K, reserved 1179648K
  class space    used 7885K, committed 8000K, reserved 1048576K
}
Event: 17.476 GC heap before
{Heap before GC invocations=29 (full 0):
 garbage-first heap   total 165888K, used 146311K [0x000000008a400000, 0x0000000100000000)
  region size 1024K, 44 young (45056K), 7 survivors (7168K)
 Metaspace       used 81406K, committed 81792K, reserved 1179648K
  class space    used 8535K, committed 8704K, reserved 1048576K
}
Event: 17.498 GC heap after
{Heap after GC invocations=30 (full 0):
 garbage-first heap   total 165888K, used 113031K [0x000000008a400000, 0x0000000100000000)
  region size 1024K, 4 young (4096K), 4 survivors (4096K)
 Metaspace       used 81406K, committed 81792K, reserved 1179648K
  class space    used 8535K, committed 8704K, reserved 1048576K
}

Dll operation events (3 events):
Event: 0.018 Loaded shared library C:\Program Files\Android\Android Studio\jbr\bin\java.dll
Event: 0.031 Loaded shared library C:\Program Files\Android\Android Studio\jbr\bin\zip.dll
Event: 2.112 Loaded shared library C:\Program Files\Android\Android Studio\jbr\bin\verify.dll

Deoptimization events (20 events):
Event: 18.443 Thread 0x000001f72ba395c0 Uncommon trap: trap_request=0xffffffc6 fr.pc=0x000001f736cbae4c relative=0x00000000000004ac
Event: 18.443 Thread 0x000001f72ba395c0 Uncommon trap: reason=bimorphic_or_optimized_type_check action=maybe_recompile pc=0x000001f736cbae4c method=org.jetbrains.kotlin.ir.types.IrTypePredicatesKt.hasFqNameEqualToSignature(Lorg/jetbrains/kotlin/ir/declarations/IrClass;Lorg/jetbrains/kotlin/ir/u
Event: 18.443 Thread 0x000001f72ba395c0 DEOPT PACKING pc=0x000001f736cbae4c sp=0x000000dd6e3fcf20
Event: 18.443 Thread 0x000001f72ba395c0 DEOPT UNPACKING pc=0x000001f7361146a2 sp=0x000000dd6e3fce50 mode 2
Event: 18.443 Thread 0x000001f72ba395c0 Uncommon trap: trap_request=0xffffffc6 fr.pc=0x000001f736cbae4c relative=0x00000000000004ac
Event: 18.443 Thread 0x000001f72ba395c0 Uncommon trap: reason=bimorphic_or_optimized_type_check action=maybe_recompile pc=0x000001f736cbae4c method=org.jetbrains.kotlin.ir.types.IrTypePredicatesKt.hasFqNameEqualToSignature(Lorg/jetbrains/kotlin/ir/declarations/IrClass;Lorg/jetbrains/kotlin/ir/u
Event: 18.443 Thread 0x000001f72ba395c0 DEOPT PACKING pc=0x000001f736cbae4c sp=0x000000dd6e3fca30
Event: 18.443 Thread 0x000001f72ba395c0 DEOPT UNPACKING pc=0x000001f7361146a2 sp=0x000000dd6e3fc960 mode 2
Event: 18.448 Thread 0x000001f72ba395c0 Uncommon trap: trap_request=0xffffff45 fr.pc=0x000001f736cf4448 relative=0x00000000000004c8
Event: 18.448 Thread 0x000001f72ba395c0 Uncommon trap: reason=unstable_if action=reinterpret pc=0x000001f736cf4448 method=org.jetbrains.kotlin.ir.util.AdditionalIrUtilsKt.isAnonymousObject(Lorg/jetbrains/kotlin/ir/declarations/IrDeclaration;)Z @ 26 c2
Event: 18.448 Thread 0x000001f72ba395c0 DEOPT PACKING pc=0x000001f736cf4448 sp=0x000000dd6e3fc480
Event: 18.448 Thread 0x000001f72ba395c0 DEOPT UNPACKING pc=0x000001f7361146a2 sp=0x000000dd6e3fc3c0 mode 2
Event: 18.457 Thread 0x000001f72ba395c0 Uncommon trap: trap_request=0xffffff45 fr.pc=0x000001f73686ccdc relative=0x00000000000001bc
Event: 18.457 Thread 0x000001f72ba395c0 Uncommon trap: reason=unstable_if action=reinterpret pc=0x000001f73686ccdc method=org.jetbrains.kotlin.ir.IrElementBase.findAttributeIndex(Lorg/jetbrains/kotlin/ir/IrAttribute;)I @ 24 c2
Event: 18.457 Thread 0x000001f72ba395c0 DEOPT PACKING pc=0x000001f73686ccdc sp=0x000000dd6e3fc740
Event: 18.458 Thread 0x000001f72ba395c0 DEOPT UNPACKING pc=0x000001f7361146a2 sp=0x000000dd6e3fc640 mode 2
Event: 18.623 Thread 0x000001f72ba395c0 Uncommon trap: trap_request=0xffffff45 fr.pc=0x000001f7368a3ea4 relative=0x0000000000000344
Event: 18.623 Thread 0x000001f72ba395c0 Uncommon trap: reason=unstable_if action=reinterpret pc=0x000001f7368a3ea4 method=org.jetbrains.kotlin.ir.IrElementBase.findAttributeIndex(Lorg/jetbrains/kotlin/ir/IrAttribute;)I @ 24 c2
Event: 18.623 Thread 0x000001f72ba395c0 DEOPT PACKING pc=0x000001f7368a3ea4 sp=0x000000dd6e3fd080
Event: 18.623 Thread 0x000001f72ba395c0 DEOPT UNPACKING pc=0x000001f7361146a2 sp=0x000000dd6e3fcea0 mode 2

Classes loaded (20 events):
Event: 17.090 Loading class java/security/MessageDigest$Delegate
Event: 17.090 Loading class sun/security/util/MessageDigestSpi2
Event: 17.091 Loading class sun/security/util/MessageDigestSpi2 done
Event: 17.091 Loading class java/security/MessageDigest$Delegate done
Event: 17.091 Loading class java/security/MessageDigest$Delegate$CloneableDelegate
Event: 17.091 Loading class java/security/MessageDigest$Delegate$CloneableDelegate done
Event: 17.091 Loading class sun/security/provider/ByteArrayAccess$LE
Event: 17.091 Loading class sun/security/provider/ByteArrayAccess$LE done
Event: 17.091 Loading class sun/security/provider/ByteArrayAccess
Event: 17.092 Loading class sun/security/provider/ByteArrayAccess done
Event: 17.092 Loading class java/util/Base64
Event: 17.092 Loading class java/util/Base64 done
Event: 17.092 Loading class java/util/Base64$Encoder
Event: 17.093 Loading class java/util/Base64$Encoder done
Event: 18.151 Loading class java/lang/TypeNotPresentException
Event: 18.151 Loading class java/lang/TypeNotPresentException done
Event: 18.180 Loading class java/util/function/ToIntFunction
Event: 18.180 Loading class java/util/function/ToIntFunction done
Event: 18.353 Loading class java/util/Vector$Itr
Event: 18.354 Loading class java/util/Vector$Itr done

Classes unloaded (0 events):
No events

Classes redefined (0 events):
No events

Internal exceptions (20 events):
Event: 14.848 Thread 0x000001f72ba395c0 Exception <a 'java/lang/NoSuchMethodError'{0x0000000091ddc6b8}: 'java.lang.Object java.lang.invoke.DirectMethodHandle$Holder.invokeStatic(java.lang.Object, java.lang.Object, java.lang.Object, java.lang.Object, java.lang.Object, java.lang.Object, int, java.lang.Object)'> (0x0000000091ddc6b8) 
thrown [s\src\hotspot\share\interpreter\linkResolver.cpp, line 784]
Event: 14.849 Thread 0x000001f72ba395c0 Exception <a 'java/lang/NoSuchMethodError'{0x0000000091de6378}: 'java.lang.Object java.lang.invoke.DirectMethodHandle$Holder.newInvokeSpecial(java.lang.Object, java.lang.Object, java.lang.Object, java.lang.Object, java.lang.Object, java.lang.Object, int)'> (0x0000000091de6378) 
thrown [s\src\hotspot\share\interpreter\linkResolver.cpp, line 784]
Event: 14.850 Thread 0x000001f72ba395c0 Exception <a 'java/lang/NoSuchMethodError'{0x0000000091dead30}: 'java.lang.Object java.lang.invoke.DirectMethodHandle$Holder.invokeSpecial(java.lang.Object, java.lang.Object, java.lang.Object, java.lang.Object, java.lang.Object, java.lang.Object, java.lang.Object, int)'> (0x0000000091dead30) 
thrown [s\src\hotspot\share\interpreter\linkResolver.cpp, line 784]
Event: 15.504 Thread 0x000001f72ba395c0 Implicit null exception at 0x000001f736b03808 to 0x000001f736b03b5b
Event: 15.867 Thread 0x000001f72ba395c0 Exception <a 'java/lang/NoSuchMethodError'{0x0000000091e31ad8}: 'java.lang.Object java.lang.invoke.DirectMethodHandle$Holder.invokeStatic(java.lang.Object, java.lang.Object, java.lang.Object, java.lang.Object, java.lang.Object, int, java.lang.Object, java.lang.Object)'> (0x0000000091e31ad8) 
thrown [s\src\hotspot\share\interpreter\linkResolver.cpp, line 784]
Event: 16.335 Thread 0x000001f72ba395c0 Exception <a 'java/lang/NoSuchMethodError'{0x0000000093cc60d8}: 'java.lang.Object java.lang.invoke.DirectMethodHandle$Holder.newInvokeSpecial(java.lang.Object, int, java.lang.Object, int)'> (0x0000000093cc60d8) 
thrown [s\src\hotspot\share\interpreter\linkResolver.cpp, line 784]
Event: 17.032 Thread 0x000001f72ba395c0 Exception <a 'java/lang/NoSuchMethodError'{0x00000000927c5480}: 'java.lang.Object java.lang.invoke.DirectMethodHandle$Holder.invokeStatic(java.lang.Object, java.lang.Object, java.lang.Object, java.lang.Object, int, java.lang.Object)'> (0x00000000927c5480) 
thrown [s\src\hotspot\share\interpreter\linkResolver.cpp, line 784]
Event: 17.413 Thread 0x000001f72ba395c0 Exception <a 'java/lang/NoSuchMethodError'{0x0000000091f8b458}: 'java.lang.Object java.lang.invoke.DirectMethodHandle$Holder.newInvokeSpecial(java.lang.Object, java.lang.Object, int, java.lang.Object)'> (0x0000000091f8b458) 
thrown [s\src\hotspot\share\interpreter\linkResolver.cpp, line 784]
Event: 17.414 Thread 0x000001f72ba395c0 Exception <a 'java/lang/NoSuchMethodError'{0x0000000091f8f2b8}: 'java.lang.Object java.lang.invoke.DirectMethodHandle$Holder.invokeSpecial(java.lang.Object, java.lang.Object, java.lang.Object, int, java.lang.Object)'> (0x0000000091f8f2b8) 
thrown [s\src\hotspot\share\interpreter\linkResolver.cpp, line 784]
Event: 17.415 Thread 0x000001f72ba395c0 Exception <a 'java/lang/NoSuchMethodError'{0x0000000091f92c88}: 'java.lang.Object java.lang.invoke.Invokers$Holder.linkToTargetMethod(java.lang.Object, int, java.lang.Object, java.lang.Object)'> (0x0000000091f92c88) 
thrown [s\src\hotspot\share\interpreter\linkResolver.cpp, line 784]
Event: 18.019 Thread 0x000001f72ba395c0 Exception <a 'java/lang/NoSuchMethodError'{0x00000000953b45b0}: 'java.lang.Object java.lang.invoke.DirectMethodHandle$Holder.invokeStatic(java.lang.Object, java.lang.Object, java.lang.Object, java.lang.Object, java.lang.Object, java.lang.Object, java.lang.Object, int, java.lang.Object, java.lang.Object)'> (0x00000000953b45b0) 
thrown [s\src\hotspot\share\interpreter\linkResolver.cpp, line 784]
Event: 18.022 Thread 0x000001f72ba395c0 Implicit null exception at 0x000001f736cbf3e0 to 0x000001f736cbf49d
Event: 18.022 Thread 0x000001f72ba395c0 Implicit null exception at 0x000001f736c70960 to 0x000001f736c70a1d
Event: 18.236 Thread 0x000001f72ba395c0 Exception <a 'java/lang/NoSuchMethodError'{0x0000000094c654b0}: 'java.lang.Object java.lang.invoke.DirectMethodHandle$Holder.invokeStatic(java.lang.Object, int, int)'> (0x0000000094c654b0) 
thrown [s\src\hotspot\share\interpreter\linkResolver.cpp, line 784]
Event: 18.324 Thread 0x000001f72ba395c0 Exception <a 'java/lang/NoSuchMethodError'{0x00000000949d3f50}: 'java.lang.Object java.lang.invoke.DirectMethodHandle$Holder.newInvokeSpecial(java.lang.Object, java.lang.Object, java.lang.Object, java.lang.Object, java.lang.Object, int, java.lang.Object)'> (0x00000000949d3f50) 
thrown [s\src\hotspot\share\interpreter\linkResolver.cpp, line 784]
Event: 18.324 Thread 0x000001f72ba395c0 Exception <a 'java/lang/NoSuchMethodError'{0x00000000949d81b0}: 'java.lang.Object java.lang.invoke.DirectMethodHandle$Holder.invokeSpecial(java.lang.Object, java.lang.Object, java.lang.Object, java.lang.Object, java.lang.Object, java.lang.Object, int, java.lang.Object)'> (0x00000000949d81b0) 
thrown [s\src\hotspot\share\interpreter\linkResolver.cpp, line 784]
Event: 18.325 Thread 0x000001f72ba395c0 Exception <a 'java/lang/NoSuchMethodError'{0x00000000949db920}: 'java.lang.Object java.lang.invoke.Invokers$Holder.linkToTargetMethod(java.lang.Object, java.lang.Object, java.lang.Object, java.lang.Object, int, java.lang.Object, java.lang.Object)'> (0x00000000949db920) 
thrown [s\src\hotspot\share\interpreter\linkResolver.cpp, line 784]
Event: 18.663 Thread 0x000001f72ba395c0 Exception <a 'java/lang/NoSuchMethodError'{0x0000000093d7bf00}: 'java.lang.Object java.lang.invoke.DirectMethodHandle$Holder.newInvokeSpecial(java.lang.Object, java.lang.Object, java.lang.Object, java.lang.Object, int, java.lang.Object)'> (0x0000000093d7bf00) 
thrown [s\src\hotspot\share\interpreter\linkResolver.cpp, line 784]
Event: 18.664 Thread 0x000001f72ba395c0 Exception <a 'java/lang/NoSuchMethodError'{0x0000000093d809e0}: 'java.lang.Object java.lang.invoke.DirectMethodHandle$Holder.invokeSpecial(java.lang.Object, java.lang.Object, java.lang.Object, java.lang.Object, java.lang.Object, int, java.lang.Object)'> (0x0000000093d809e0) 
thrown [s\src\hotspot\share\interpreter\linkResolver.cpp, line 784]
Event: 18.664 Thread 0x000001f72ba395c0 Exception <a 'java/lang/NoSuchMethodError'{0x0000000093d84b18}: 'java.lang.Object java.lang.invoke.Invokers$Holder.linkToTargetMethod(java.lang.Object, java.lang.Object, java.lang.Object, int, java.lang.Object, java.lang.Object)'> (0x0000000093d84b18) 
thrown [s\src\hotspot\share\interpreter\linkResolver.cpp, line 784]

ZGC Phase Switch (0 events):
No events

VM Operations (20 events):
Event: 18.130 Executing VM operation: HandshakeAllThreads (Deoptimize)
Event: 18.130 Executing VM operation: HandshakeAllThreads (Deoptimize) done
Event: 18.143 Executing VM operation: HandshakeAllThreads (Deoptimize)
Event: 18.143 Executing VM operation: HandshakeAllThreads (Deoptimize) done
Event: 18.161 Executing VM operation: HandshakeAllThreads (Deoptimize)
Event: 18.161 Executing VM operation: HandshakeAllThreads (Deoptimize) done
Event: 18.217 Executing VM operation: HandshakeAllThreads (Deoptimize)
Event: 18.217 Executing VM operation: HandshakeAllThreads (Deoptimize) done
Event: 18.246 Executing VM operation: HandshakeAllThreads (Deoptimize)
Event: 18.246 Executing VM operation: HandshakeAllThreads (Deoptimize) done
Event: 18.330 Executing VM operation: HandshakeAllThreads (Deoptimize)
Event: 18.330 Executing VM operation: HandshakeAllThreads (Deoptimize) done
Event: 18.378 Executing VM operation: HandshakeAllThreads (Deoptimize)
Event: 18.378 Executing VM operation: HandshakeAllThreads (Deoptimize) done
Event: 18.465 Executing VM operation: ICBufferFull
Event: 18.465 Executing VM operation: ICBufferFull done
Event: 18.645 Executing VM operation: HandshakeAllThreads (Deoptimize)
Event: 18.645 Executing VM operation: HandshakeAllThreads (Deoptimize) done
Event: 19.646 Executing VM operation: Cleanup
Event: 19.646 Executing VM operation: Cleanup done

Memory protections (0 events):
No events

Nmethod flushes (20 events):
Event: 17.637 Thread 0x000001f74323e520 flushing  nmethod 0x000001f72ff0c110
Event: 17.637 Thread 0x000001f74323e520 flushing  nmethod 0x000001f72ff0ec10
Event: 17.637 Thread 0x000001f74323e520 flushing  nmethod 0x000001f72ff11110
Event: 17.637 Thread 0x000001f74323e520 flushing  nmethod 0x000001f72ff11610
Event: 17.637 Thread 0x000001f74323e520 flushing  nmethod 0x000001f72ff12110
Event: 17.637 Thread 0x000001f74323e520 flushing  nmethod 0x000001f72ff12c10
Event: 17.637 Thread 0x000001f74323e520 flushing  nmethod 0x000001f72ff16510
Event: 17.637 Thread 0x000001f74323e520 flushing  nmethod 0x000001f72ff62190
Event: 17.637 Thread 0x000001f74323e520 flushing  nmethod 0x000001f72ffa1f10
Event: 17.637 Thread 0x000001f74323e520 flushing  nmethod 0x000001f72ffa2a10
Event: 17.637 Thread 0x000001f74323e520 flushing  nmethod 0x000001f72ffab690
Event: 17.637 Thread 0x000001f74323e520 flushing  nmethod 0x000001f72ffb0610
Event: 17.637 Thread 0x000001f74323e520 flushing  nmethod 0x000001f72ffb0b10
Event: 17.637 Thread 0x000001f74323e520 flushing  nmethod 0x000001f73006a610
Event: 17.637 Thread 0x000001f74323e520 flushing  nmethod 0x000001f730079f10
Event: 17.637 Thread 0x000001f74323e520 flushing  nmethod 0x000001f73022e910
Event: 17.637 Thread 0x000001f74323e520 flushing  nmethod 0x000001f7302d9d90
Event: 17.637 Thread 0x000001f74323e520 flushing  nmethod 0x000001f730424d90
Event: 17.637 Thread 0x000001f74323e520 flushing  nmethod 0x000001f7304df190
Event: 17.637 Thread 0x000001f74323e520 flushing  nmethod 0x000001f73060ec90

Events (20 events):
Event: 0.242 Thread 0x000001f74341e4c0 Thread added: 0x000001f74342d1b0
Event: 0.260 Loaded shared library C:\Program Files\Android\Android Studio\jbr\bin\zip.dll
Event: 0.315 Loaded shared library C:\Program Files\Android\Android Studio\jbr\bin\jimage.dll
Event: 0.887 Thread 0x000001f74342d1b0 Thread exited: 0x000001f74342d1b0
Event: 0.936 Thread 0x000001f743429b30 Thread exited: 0x000001f743429b30
Event: 2.247 Thread 0x000001f74342c410 Thread added: 0x000001f74342cae0
Event: 2.268 Thread 0x000001f74341e4c0 Thread added: 0x000001f74342d1b0
Event: 3.545 Thread 0x000001f74342d1b0 Thread exited: 0x000001f74342d1b0
Event: 3.545 Thread 0x000001f74342cae0 Thread exited: 0x000001f74342cae0
Event: 3.829 Thread 0x000001f74342c410 Thread added: 0x000001f74342d1b0
Event: 4.470 Thread 0x000001f74342d1b0 Thread exited: 0x000001f74342d1b0
Event: 4.628 Thread 0x000001f74342c410 Thread added: 0x000001f74af1e6d0
Event: 11.632 Thread 0x000001f74342c410 Thread added: 0x000001f74af1e000
Event: 13.214 Thread 0x000001f74af1e000 Thread exited: 0x000001f74af1e000
Event: 13.229 Thread 0x000001f74af1e6d0 Thread exited: 0x000001f74af1e6d0
Event: 13.519 Thread 0x000001f74342c410 Thread added: 0x000001f74af21d50
Event: 13.813 Thread 0x000001f74342c410 Thread added: 0x000001f74af22af0
Event: 16.297 Thread 0x000001f74af22af0 Thread exited: 0x000001f74af22af0
Event: 18.225 Thread 0x000001f74af21d50 Thread exited: 0x000001f74af21d50
Event: 18.316 Thread 0x000001f74342c410 Thread added: 0x000001f750f15290


Dynamic libraries:
0x00007ff7b8880000 - 0x00007ff7b888a000 	C:\Program Files\Android\Android Studio\jbr\bin\java.exe
0x00007ffe92980000 - 0x00007ffe92be8000 	C:\WINDOWS\SYSTEM32\ntdll.dll
0x00007ffe91770000 - 0x00007ffe91839000 	C:\WINDOWS\System32\KERNEL32.DLL
0x00007ffe8fd70000 - 0x00007ffe9015d000 	C:\WINDOWS\System32\KERNELBASE.dll
0x00007ffe902e0000 - 0x00007ffe9042b000 	C:\WINDOWS\System32\ucrtbase.dll
0x00007ffe325c0000 - 0x00007ffe325db000 	C:\Program Files\Android\Android Studio\jbr\bin\VCRUNTIME140.dll
0x00007ffe83fd0000 - 0x00007ffe83fe8000 	C:\Program Files\Android\Android Studio\jbr\bin\jli.dll
0x00007ffe921d0000 - 0x00007ffe9239c000 	C:\WINDOWS\System32\USER32.dll
0x00007ffe90430000 - 0x00007ffe90457000 	C:\WINDOWS\System32\win32u.dll
0x00007ffe75d50000 - 0x00007ffe75fea000 	C:\WINDOWS\WinSxS\amd64_microsoft.windows.common-controls_6595b64144ccf1df_6.0.26100.4484_none_3e0e6d4ce32ef3b3\COMCTL32.dll
0x00007ffe91080000 - 0x00007ffe910ab000 	C:\WINDOWS\System32\GDI32.dll
0x00007ffe90720000 - 0x00007ffe907c9000 	C:\WINDOWS\System32\msvcrt.dll
0x00007ffe90460000 - 0x00007ffe90597000 	C:\WINDOWS\System32\gdi32full.dll
0x00007ffe8fcc0000 - 0x00007ffe8fd63000 	C:\WINDOWS\System32\msvcp_win.dll
0x00007ffe91860000 - 0x00007ffe9188f000 	C:\WINDOWS\System32\IMM32.DLL
0x00007ffe6a700000 - 0x00007ffe6a70c000 	C:\Program Files\Android\Android Studio\jbr\bin\vcruntime140_1.dll
0x00007ffe79cb0000 - 0x00007ffe79d3d000 	C:\Program Files\Android\Android Studio\jbr\bin\msvcp140.dll
0x00007ffdd7330000 - 0x00007ffdd7fbb000 	C:\Program Files\Android\Android Studio\jbr\bin\server\jvm.dll
0x00007ffe912f0000 - 0x00007ffe913a4000 	C:\WINDOWS\System32\ADVAPI32.dll
0x00007ffe911b0000 - 0x00007ffe91256000 	C:\WINDOWS\System32\sechost.dll
0x00007ffe915e0000 - 0x00007ffe916f8000 	C:\WINDOWS\System32\RPCRT4.dll
0x00007ffe91560000 - 0x00007ffe915d4000 	C:\WINDOWS\System32\WS2_32.dll
0x00007ffe8f920000 - 0x00007ffe8f97e000 	C:\WINDOWS\SYSTEM32\POWRPROF.dll
0x00007ffe88d30000 - 0x00007ffe88d3b000 	C:\WINDOWS\SYSTEM32\VERSION.dll
0x00007ffe883c0000 - 0x00007ffe883f5000 	C:\WINDOWS\SYSTEM32\WINMM.dll
0x00007ffe8f900000 - 0x00007ffe8f914000 	C:\WINDOWS\SYSTEM32\UMPDC.dll
0x00007ffe8e840000 - 0x00007ffe8e85b000 	C:\WINDOWS\SYSTEM32\kernel.appcore.dll
0x00007ffe65ec0000 - 0x00007ffe65eca000 	C:\Program Files\Android\Android Studio\jbr\bin\jimage.dll
0x00007ffe85850000 - 0x00007ffe85a91000 	C:\WINDOWS\SYSTEM32\DBGHELP.DLL
0x00007ffe907d0000 - 0x00007ffe90b56000 	C:\WINDOWS\System32\combase.dll
0x00007ffe925f0000 - 0x00007ffe926d0000 	C:\WINDOWS\System32\OLEAUT32.dll
0x00007ffe73b90000 - 0x00007ffe73bd3000 	C:\WINDOWS\SYSTEM32\dbgcore.DLL
0x00007ffe8fc20000 - 0x00007ffe8fcb9000 	C:\WINDOWS\System32\bcryptPrimitives.dll
0x00007ffe323d0000 - 0x00007ffe323f0000 	C:\Program Files\Android\Android Studio\jbr\bin\java.dll
0x00007ffe323b0000 - 0x00007ffe323c8000 	C:\Program Files\Android\Android Studio\jbr\bin\zip.dll
0x00007ffe918a0000 - 0x00007ffe91fea000 	C:\WINDOWS\System32\SHELL32.dll
0x00007ffe90160000 - 0x00007ffe902d4000 	C:\WINDOWS\System32\wintypes.dll
0x00007ffe8d700000 - 0x00007ffe8df5b000 	C:\WINDOWS\SYSTEM32\windows.storage.dll
0x00007ffe910b0000 - 0x00007ffe911a5000 	C:\WINDOWS\System32\SHCORE.dll
0x00007ffe91700000 - 0x00007ffe9176a000 	C:\WINDOWS\System32\shlwapi.dll
0x00007ffe8f9e0000 - 0x00007ffe8fa0f000 	C:\WINDOWS\SYSTEM32\profapi.dll
0x00007ffe56910000 - 0x00007ffe56920000 	C:\Program Files\Android\Android Studio\jbr\bin\net.dll
0x00007ffe88910000 - 0x00007ffe88a2e000 	C:\WINDOWS\SYSTEM32\WINHTTP.dll
0x00007ffe8eda0000 - 0x00007ffe8ee0a000 	C:\WINDOWS\system32\mswsock.dll
0x00007ffe29c30000 - 0x00007ffe29c46000 	C:\Program Files\Android\Android Studio\jbr\bin\nio.dll
0x00007ffe38c30000 - 0x00007ffe38c40000 	C:\Program Files\Android\Android Studio\jbr\bin\verify.dll

dbghelp: loaded successfully - version: 4.0.5 - missing functions: none
symbol engine: initialized successfully - sym options: 0x614 - pdb path: .;C:\Program Files\Android\Android Studio\jbr\bin;C:\WINDOWS\SYSTEM32;C:\WINDOWS\WinSxS\amd64_microsoft.windows.common-controls_6595b64144ccf1df_6.0.26100.4484_none_3e0e6d4ce32ef3b3;C:\Program Files\Android\Android Studio\jbr\bin\server

VM Arguments:
java_command: org.jetbrains.kotlin.cli.jvm.K2JVMCompiler @D:\Work\Projects\3.1\App_Dev\Mobile-app-dev-3.1\Mindnest\app\build\20250706_7382362791683557141.compiler.options
java_class_path (initial): C:\Users\QUINTER\.gradle\caches\modules-2\files-2.1\org.jetbrains.kotlin\kotlin-compiler-embeddable\2.0.21\79346ed53db48b18312a472602eb5c057070c54d\kotlin-compiler-embeddable-2.0.21.jar;C:\Users\QUINTER\.gradle\caches\modules-2\files-2.1\org.jetbrains.kotlin\kotlin-stdlib\2.0.21\618b539767b4899b4660a83006e052b63f1db551\kotlin-stdlib-2.0.21.jar;C:\Users\QUINTER\.gradle\caches\modules-2\files-2.1\org.jetbrains.kotlin\kotlin-script-runtime\2.0.21\c9b044380ad41f89aa89aa896c2d32a8c0b2129d\kotlin-script-runtime-2.0.21.jar;C:\Users\QUINTER\.gradle\caches\modules-2\files-2.1\org.jetbrains.kotlin\kotlin-reflect\1.6.10\1cbe9c92c12a94eea200d23c2bbaedaf3daf5132\kotlin-reflect-1.6.10.jar;C:\Users\QUINTER\.gradle\caches\modules-2\files-2.1\org.jetbrains.kotlin\kotlin-daemon-embeddable\2.0.21\c9e933b23287de9b5a17e2116b4657bb91aea72c\kotlin-daemon-embeddable-2.0.21.jar;C:\Users\QUINTER\.gradle\caches\modules-2\files-2.1\org.jetbrains.intellij.deps\trove4j\1.0.20200330\3afb14d5f9ceb459d724e907a21145e8ff394f02\trove4j-1.0.20200330.jar;C:\Users\QUINTER\.gradle\caches\modules-2\files-2.1\org.jetbrains.kotlinx\kotlinx-coroutines-core-jvm\1.6.4\2c997cd1c0ef33f3e751d3831929aeff1390cb30\kotlinx-coroutines-core-jvm-1.6.4.jar;C:\Users\QUINTER\.gradle\caches\modules-2\files-2.1\org.jetbrains\annotations\13.0\919f0dfe192fb4e063e7dacadee7f8bb9a2672a9\annotations-13.0.jar
Launcher Type: SUN_STANDARD

[Global flags]
     intx CICompilerCount                          = 4                                         {product} {ergonomic}
     uint ConcGCThreads                            = 3                                         {product} {ergonomic}
     uint G1ConcRefinementThreads                  = 10                                        {product} {ergonomic}
   size_t G1HeapRegionSize                         = 1048576                                   {product} {ergonomic}
    uintx GCDrainStackTargetSize                   = 64                                        {product} {ergonomic}
   size_t InitialHeapSize                          = 123731968                                 {product} {ergonomic}
   size_t MarkStackSize                            = 4194304                                   {product} {ergonomic}
   size_t MaxHeapSize                              = 1975517184                                {product} {ergonomic}
   size_t MaxNewSize                               = 1184890880                                {product} {ergonomic}
   size_t MinHeapDeltaBytes                        = 1048576                                   {product} {ergonomic}
   size_t MinHeapSize                              = 8388608                                   {product} {ergonomic}
    uintx NonNMethodCodeHeapSize                   = 5839372                                {pd product} {ergonomic}
    uintx NonProfiledCodeHeapSize                  = 122909434                              {pd product} {ergonomic}
    uintx ProfiledCodeHeapSize                     = 122909434                              {pd product} {ergonomic}
    uintx ReservedCodeCacheSize                    = 251658240                              {pd product} {ergonomic}
     bool SegmentedCodeCache                       = true                                      {product} {ergonomic}
   size_t SoftMaxHeapSize                          = 1975517184                             {manageable} {ergonomic}
     bool UseCompressedOops                        = true                           {product lp64_product} {ergonomic}
     bool UseG1GC                                  = true                                      {product} {ergonomic}
     bool UseLargePagesIndividualAllocation        = false                                  {pd product} {ergonomic}

Logging:
Log output configuration:
 #0: stdout all=warning uptime,level,tags foldmultilines=false
 #1: stderr all=off uptime,level,tags foldmultilines=false

Environment Variables:
PATH=C:\Python313\Scripts\;C:\Python313\;C:\Program Files\Common Files\Oracle\Java\javapath;C:\Program Files (x86)\VMware\VMware Workstation\bin\;C:\WINDOWS\system32;C:\WINDOWS;C:\WINDOWS\System32\Wbem;C:\WINDOWS\System32\WindowsPowerShell\v1.0\;C:\WINDOWS\System32\OpenSSH\;C:\Program Files\Git\cmd;C:\Users\QUINTER\Coding_languages\flutter_windows_3.27.3-stable\flutter\bin;C:\Users\QUINTER\Coding_languages\flutter_windows_3.27.3-stable\flutter\bin\cache\dart-sdk\bin;C:\Program Files (x86)\Windows Kits\10\Windows Performance Toolkit\;C:\Users\QUINTER\AppData\Local\Android\Sdk;C:\Users\QUINTER\AppData\Local\Packages\PythonSoftwareFoundation.Python.3.11_qbz5n2kfra8p0\LocalCache\local-packages\Python311\Scripts;C:\Users\QUINTER\Documents\kotlin-compiler-2.1.20\kotlinc\bin;C:\Users\QUINTER\Documents\node-v22.16.0;C:\Program Files (x86)\nodejs\;C:\ProgramData\chocolatey\bin;C:\php;C:\ProgramData\ComposerSetup\bin;C:\Program Files\PuTTY\;C:\Users\QUINTER\AppData\Local\Microsoft\WindowsApps;C:\Users\QUINTER\AppData\Local\Programs\Microsoft VS Code\bin;C:\Users\QUINTER\AppData\Local\GitHubDesktop\bin;C:\Program Files\Java\jdk-24\bin;C:\Program Files\JetBrains\IntelliJ IDEA Community Edition 2024.3.5\bin;;C:\Users\QUINTER\Documents\kotlin-compiler-2.1.20;;C:\Program Files\JetBrains\IntelliJ IDEA 2025.1\bin;;C:\Users\QUINTER\AppData\Roaming\npm;C:\Users\QUINTER\AppData\Roaming\Composer\vendor\bin
USERNAME=QUINTER
OS=Windows_NT
PROCESSOR_IDENTIFIER=AMD64 Family 25 Model 80 Stepping 0, AuthenticAMD
TMP=C:\Users\QUINTER\AppData\Local\Temp
TEMP=C:\Users\QUINTER\AppData\Local\Temp




Periodic native trim disabled

JNI global refs:
JNI global refs: 11, weak refs: 0

JNI global refs memory usage: 835, weak refs: 833

Process memory usage:
Resident Set Size: 448452K (5% of 7711748K total physical memory with 340772K free physical memory)

OOME stack traces (most recent first):
Classloader memory used:
Loader jdk.internal.loader.ClassLoaders$AppClassLoader                                 : 73531K
Loader bootstrap                                                                       : 11519K
Loader java.net.URLClassLoader                                                         : 2432K

---------------  S Y S T E M  ---------------

OS:
 Windows 11 , 64 bit Build 26100 (10.0.26100.4484)
OS uptime: 3 days 2:40 hours
Hyper-V role detected

CPU: total 12 (initial active 12) (12 cores per cpu, 2 threads per core) family 25 model 80 stepping 0 microcode 0xa500011, cx8, cmov, fxsr, ht, mmx, 3dnowpref, sse, sse2, sse3, ssse3, sse4a, sse4.1, sse4.2, popcnt, lzcnt, tsc, tscinvbit, avx, avx2, aes, erms, clmul, bmi1, bmi2, adx, sha, fma, vzeroupper, clflush, clflushopt, hv, rdtscp, rdpid, fsrm, f16c, cet_ss
Processor Information for processor 0
  Max Mhz: 2301, Current Mhz: 2010, Mhz Limit: 2301
Processor Information for processor 1
  Max Mhz: 2301, Current Mhz: 2301, Mhz Limit: 2301
Processor Information for processor 2
  Max Mhz: 2301, Current Mhz: 2301, Mhz Limit: 2301
Processor Information for processor 3
  Max Mhz: 2301, Current Mhz: 2010, Mhz Limit: 2301
Processor Information for processor 4
  Max Mhz: 2301, Current Mhz: 2301, Mhz Limit: 2301
Processor Information for processor 5
  Max Mhz: 2301, Current Mhz: 2010, Mhz Limit: 2301
Processor Information for processor 6
  Max Mhz: 2301, Current Mhz: 2301, Mhz Limit: 2301
Processor Information for processor 7
  Max Mhz: 2301, Current Mhz: 2301, Mhz Limit: 2301
Processor Information for processor 8
  Max Mhz: 2301, Current Mhz: 2010, Mhz Limit: 2301
Processor Information for processor 9
  Max Mhz: 2301, Current Mhz: 2301, Mhz Limit: 2301
Processor Information for processor 10
  Max Mhz: 2301, Current Mhz: 2010, Mhz Limit: 2301
Processor Information for processor 11
  Max Mhz: 2301, Current Mhz: 2301, Mhz Limit: 2301

Memory: 4k page, system-wide physical 7531M (329M free)
TotalPageFile size 31083M (AvailPageFile size 4M)
current process WorkingSet (physical memory assigned to process): 438M, peak: 438M
current process commit charge ("private bytes"): 486M, peak: 488M

vm_info: OpenJDK 64-Bit Server VM (21.0.6+-13368085-b895.109) for windows-amd64 JRE (21.0.6+-13368085-b895.109), built on 2025-04-16T17:01:31Z by "builder" with MS VC++ 16.10 / 16.11 (VS2019)

END.
